mode: atomic
github.com/splunk-terraform/terraform-provider-signalfx/internal/check/color.go:18.48,19.50 1 22
github.com/splunk-terraform/terraform-provider-signalfx/internal/check/color.go:19.50,21.10 2 22
github.com/splunk-terraform/terraform-provider-signalfx/internal/check/color.go:21.10,26.4 1 8
github.com/splunk-terraform/terraform-provider-signalfx/internal/check/color.go:27.3,28.42 2 14
github.com/splunk-terraform/terraform-provider-signalfx/internal/check/color.go:28.42,30.4 1 8
github.com/splunk-terraform/terraform-provider-signalfx/internal/check/color.go:31.3,34.4 1 6
github.com/splunk-terraform/terraform-provider-signalfx/internal/check/color.go:38.52,39.50 1 24
github.com/splunk-terraform/terraform-provider-signalfx/internal/check/color.go:39.50,41.10 2 24
github.com/splunk-terraform/terraform-provider-signalfx/internal/check/color.go:41.10,46.4 1 8
github.com/splunk-terraform/terraform-provider-signalfx/internal/check/color.go:47.3,47.73 1 16
github.com/splunk-terraform/terraform-provider-signalfx/internal/check/color.go:47.73,52.4 1 8
github.com/splunk-terraform/terraform-provider-signalfx/internal/check/color.go:53.3,53.13 1 8
github.com/splunk-terraform/terraform-provider-signalfx/internal/check/email.go:16.48,18.9 2 24
github.com/splunk-terraform/terraform-provider-signalfx/internal/check/email.go:18.9,23.3 1 8
github.com/splunk-terraform/terraform-provider-signalfx/internal/check/email.go:24.2,25.41 2 16
github.com/splunk-terraform/terraform-provider-signalfx/internal/check/filter_action.go:18.51,19.50 1 24
github.com/splunk-terraform/terraform-provider-signalfx/internal/check/filter_action.go:19.50,21.10 2 24
github.com/splunk-terraform/terraform-provider-signalfx/internal/check/filter_action.go:21.10,26.4 1 8
github.com/splunk-terraform/terraform-provider-signalfx/internal/check/filter_action.go:28.3,33.38 2 16
github.com/splunk-terraform/terraform-provider-signalfx/internal/check/filter_action.go:33.38,35.4 1 8
github.com/splunk-terraform/terraform-provider-signalfx/internal/check/filter_action.go:37.3,40.4 1 8
github.com/splunk-terraform/terraform-provider-signalfx/internal/check/notification.go:17.51,18.50 1 216
github.com/splunk-terraform/terraform-provider-signalfx/internal/check/notification.go:18.50,20.10 2 216
github.com/splunk-terraform/terraform-provider-signalfx/internal/check/notification.go:20.10,25.4 1 8
github.com/splunk-terraform/terraform-provider-signalfx/internal/check/notification.go:27.3,28.17 2 208
github.com/splunk-terraform/terraform-provider-signalfx/internal/check/notification.go:28.17,30.4 1 120
github.com/splunk-terraform/terraform-provider-signalfx/internal/check/notification.go:31.3,31.42 1 88
github.com/splunk-terraform/terraform-provider-signalfx/internal/check/reminder_type.go:17.63,18.50 1 24
github.com/splunk-terraform/terraform-provider-signalfx/internal/check/reminder_type.go:18.50,20.10 2 24
github.com/splunk-terraform/terraform-provider-signalfx/internal/check/reminder_type.go:20.10,25.4 1 8
github.com/splunk-terraform/terraform-provider-signalfx/internal/check/reminder_type.go:27.3,31.36 2 16
github.com/splunk-terraform/terraform-provider-signalfx/internal/check/reminder_type.go:31.36,33.4 1 8
github.com/splunk-terraform/terraform-provider-signalfx/internal/check/reminder_type.go:35.3,38.4 1 8
github.com/splunk-terraform/terraform-provider-signalfx/internal/check/severity.go:17.52,18.50 1 24
github.com/splunk-terraform/terraform-provider-signalfx/internal/check/severity.go:18.50,20.10 2 24
github.com/splunk-terraform/terraform-provider-signalfx/internal/check/severity.go:20.10,25.4 1 8
github.com/splunk-terraform/terraform-provider-signalfx/internal/check/severity.go:27.3,31.37 2 16
github.com/splunk-terraform/terraform-provider-signalfx/internal/check/severity.go:31.37,33.4 1 8
github.com/splunk-terraform/terraform-provider-signalfx/internal/check/severity.go:35.3,38.4 1 8
github.com/splunk-terraform/terraform-provider-signalfx/internal/check/time_range.go:17.48,18.50 1 24
github.com/splunk-terraform/terraform-provider-signalfx/internal/check/time_range.go:18.50,20.10 2 24
github.com/splunk-terraform/terraform-provider-signalfx/internal/check/time_range.go:20.10,25.4 1 8
github.com/splunk-terraform/terraform-provider-signalfx/internal/check/time_range.go:26.3,27.42 2 16
github.com/splunk-terraform/terraform-provider-signalfx/internal/check/timezone.go:18.55,19.50 1 32
github.com/splunk-terraform/terraform-provider-signalfx/internal/check/timezone.go:19.50,21.10 2 32
github.com/splunk-terraform/terraform-provider-signalfx/internal/check/timezone.go:21.10,26.4 1 8
github.com/splunk-terraform/terraform-provider-signalfx/internal/check/timezone.go:27.3,28.42 2 24
github.com/splunk-terraform/terraform-provider-signalfx/internal/check/unit.go:17.48,18.50 1 24
github.com/splunk-terraform/terraform-provider-signalfx/internal/check/unit.go:18.50,20.10 2 24
github.com/splunk-terraform/terraform-provider-signalfx/internal/check/unit.go:20.10,25.4 1 8
github.com/splunk-terraform/terraform-provider-signalfx/internal/check/unit.go:27.3,56.32 2 16
github.com/splunk-terraform/terraform-provider-signalfx/internal/check/unit.go:56.32,58.4 1 8
github.com/splunk-terraform/terraform-provider-signalfx/internal/check/unit.go:59.3,62.4 1 8
github.com/splunk-terraform/terraform-provider-signalfx/internal/common/error.go:21.83,23.9 2 24
github.com/splunk-terraform/terraform-provider-signalfx/internal/common/error.go:23.9,26.3 1 16
github.com/splunk-terraform/terraform-provider-signalfx/internal/common/error.go:27.2,27.19 1 8
github.com/splunk-terraform/terraform-provider-signalfx/internal/common/error.go:28.27,33.17 2 0
github.com/splunk-terraform/terraform-provider-signalfx/internal/common/error.go:34.31,39.4 1 0
github.com/splunk-terraform/terraform-provider-signalfx/internal/common/error.go:40.10,45.4 1 8
github.com/splunk-terraform/terraform-provider-signalfx/internal/common/error.go:47.2,47.12 1 8
github.com/splunk-terraform/terraform-provider-signalfx/internal/common/notification_api.go:12.81,13.14 1 144
github.com/splunk-terraform/terraform-provider-signalfx/internal/common/notification_api.go:13.14,15.3 1 8
github.com/splunk-terraform/terraform-provider-signalfx/internal/common/notification_api.go:16.2,16.29 1 136
github.com/splunk-terraform/terraform-provider-signalfx/internal/common/notification_api.go:17.50,18.59 1 8
github.com/splunk-terraform/terraform-provider-signalfx/internal/common/notification_api.go:19.42,20.59 1 8
github.com/splunk-terraform/terraform-provider-signalfx/internal/common/notification_api.go:21.39,22.52 1 16
github.com/splunk-terraform/terraform-provider-signalfx/internal/common/notification_api.go:23.38,24.59 1 8
github.com/splunk-terraform/terraform-provider-signalfx/internal/common/notification_api.go:25.43,26.59 1 8
github.com/splunk-terraform/terraform-provider-signalfx/internal/common/notification_api.go:27.42,28.117 1 8
github.com/splunk-terraform/terraform-provider-signalfx/internal/common/notification_api.go:29.43,30.59 1 8
github.com/splunk-terraform/terraform-provider-signalfx/internal/common/notification_api.go:31.44,32.59 1 8
github.com/splunk-terraform/terraform-provider-signalfx/internal/common/notification_api.go:33.39,34.73 1 8
github.com/splunk-terraform/terraform-provider-signalfx/internal/common/notification_api.go:35.38,36.51 1 8
github.com/splunk-terraform/terraform-provider-signalfx/internal/common/notification_api.go:37.43,38.51 1 8
github.com/splunk-terraform/terraform-provider-signalfx/internal/common/notification_api.go:39.43,40.76 1 8
github.com/splunk-terraform/terraform-provider-signalfx/internal/common/notification_api.go:41.41,42.82 1 8
github.com/splunk-terraform/terraform-provider-signalfx/internal/common/notification_api.go:43.42,44.59 1 8
github.com/splunk-terraform/terraform-provider-signalfx/internal/common/notification_api.go:46.2,46.60 1 16
github.com/splunk-terraform/terraform-provider-signalfx/internal/common/notification_list.go:10.77,11.21 1 24
github.com/splunk-terraform/terraform-provider-signalfx/internal/common/notification_list.go:11.21,13.3 1 8
github.com/splunk-terraform/terraform-provider-signalfx/internal/common/notification_list.go:14.2,15.26 2 16
github.com/splunk-terraform/terraform-provider-signalfx/internal/common/notification_list.go:15.26,17.17 2 16
github.com/splunk-terraform/terraform-provider-signalfx/internal/common/notification_list.go:17.17,19.4 1 8
github.com/splunk-terraform/terraform-provider-signalfx/internal/common/notification_list.go:20.3,20.16 1 8
github.com/splunk-terraform/terraform-provider-signalfx/internal/common/notification_list.go:22.2,22.20 1 8
github.com/splunk-terraform/terraform-provider-signalfx/internal/common/notification_list.go:25.86,26.21 1 32
github.com/splunk-terraform/terraform-provider-signalfx/internal/common/notification_list.go:26.21,28.3 1 16
github.com/splunk-terraform/terraform-provider-signalfx/internal/common/notification_list.go:29.2,30.26 2 16
github.com/splunk-terraform/terraform-provider-signalfx/internal/common/notification_list.go:30.26,33.17 3 16
github.com/splunk-terraform/terraform-provider-signalfx/internal/common/notification_list.go:33.17,35.4 1 8
github.com/splunk-terraform/terraform-provider-signalfx/internal/common/notification_list.go:37.2,37.20 1 8
github.com/splunk-terraform/terraform-provider-signalfx/internal/common/notification_string.go:33.80,39.15 2 224
github.com/splunk-terraform/terraform-provider-signalfx/internal/common/notification_string.go:39.15,41.3 1 16
github.com/splunk-terraform/terraform-provider-signalfx/internal/common/notification_string.go:42.2,42.19 1 208
github.com/splunk-terraform/terraform-provider-signalfx/internal/common/notification_string.go:43.40,47.4 1 8
github.com/splunk-terraform/terraform-provider-signalfx/internal/common/notification_string.go:48.32,52.4 1 8
github.com/splunk-terraform/terraform-provider-signalfx/internal/common/notification_string.go:53.29,54.57 1 24
github.com/splunk-terraform/terraform-provider-signalfx/internal/common/notification_string.go:54.57,56.4 1 8
github.com/splunk-terraform/terraform-provider-signalfx/internal/common/notification_string.go:57.3,60.4 1 16
github.com/splunk-terraform/terraform-provider-signalfx/internal/common/notification_string.go:61.28,65.4 1 8
github.com/splunk-terraform/terraform-provider-signalfx/internal/common/notification_string.go:66.33,70.4 1 8
github.com/splunk-terraform/terraform-provider-signalfx/internal/common/notification_string.go:71.32,72.17 1 16
github.com/splunk-terraform/terraform-provider-signalfx/internal/common/notification_string.go:72.17,74.4 1 8
github.com/splunk-terraform/terraform-provider-signalfx/internal/common/notification_string.go:75.3,81.4 1 8
github.com/splunk-terraform/terraform-provider-signalfx/internal/common/notification_string.go:82.33,86.4 1 8
github.com/splunk-terraform/terraform-provider-signalfx/internal/common/notification_string.go:87.34,91.4 1 8
github.com/splunk-terraform/terraform-provider-signalfx/internal/common/notification_string.go:92.29,93.17 1 24
github.com/splunk-terraform/terraform-provider-signalfx/internal/common/notification_string.go:93.17,95.4 1 8
github.com/splunk-terraform/terraform-provider-signalfx/internal/common/notification_string.go:96.3,96.39 1 16
github.com/splunk-terraform/terraform-provider-signalfx/internal/common/notification_string.go:96.39,98.4 1 8
github.com/splunk-terraform/terraform-provider-signalfx/internal/common/notification_string.go:99.3,103.4 1 8
github.com/splunk-terraform/terraform-provider-signalfx/internal/common/notification_string.go:104.28,108.4 1 8
github.com/splunk-terraform/terraform-provider-signalfx/internal/common/notification_string.go:109.33,113.4 1 8
github.com/splunk-terraform/terraform-provider-signalfx/internal/common/notification_string.go:114.33,115.17 1 16
github.com/splunk-terraform/terraform-provider-signalfx/internal/common/notification_string.go:115.17,117.4 1 8
github.com/splunk-terraform/terraform-provider-signalfx/internal/common/notification_string.go:118.3,122.4 1 8
github.com/splunk-terraform/terraform-provider-signalfx/internal/common/notification_string.go:123.31,124.17 1 48
github.com/splunk-terraform/terraform-provider-signalfx/internal/common/notification_string.go:124.17,126.4 1 8
github.com/splunk-terraform/terraform-provider-signalfx/internal/common/notification_string.go:127.3,127.22 1 40
github.com/splunk-terraform/terraform-provider-signalfx/internal/common/notification_string.go:127.22,129.42 1 16
github.com/splunk-terraform/terraform-provider-signalfx/internal/common/notification_string.go:129.42,131.5 1 8
github.com/splunk-terraform/terraform-provider-signalfx/internal/common/notification_string.go:132.9,134.42 1 24
github.com/splunk-terraform/terraform-provider-signalfx/internal/common/notification_string.go:134.42,136.5 1 8
github.com/splunk-terraform/terraform-provider-signalfx/internal/common/notification_string.go:140.3,140.22 1 24
github.com/splunk-terraform/terraform-provider-signalfx/internal/common/notification_string.go:140.22,141.60 1 16
github.com/splunk-terraform/terraform-provider-signalfx/internal/common/notification_string.go:141.60,143.5 1 8
github.com/splunk-terraform/terraform-provider-signalfx/internal/common/notification_string.go:145.3,150.4 1 16
github.com/splunk-terraform/terraform-provider-signalfx/internal/common/notification_string.go:151.32,155.4 1 8
github.com/splunk-terraform/terraform-provider-signalfx/internal/common/notification_string.go:156.10,157.68 1 8
github.com/splunk-terraform/terraform-provider-signalfx/internal/common/notification_string.go:160.2,160.71 1 128
github.com/splunk-terraform/terraform-provider-signalfx/internal/common/ordered_set.go:21.51,25.2 1 64
github.com/splunk-terraform/terraform-provider-signalfx/internal/common/ordered_set.go:27.43,29.2 1 56
github.com/splunk-terraform/terraform-provider-signalfx/internal/common/ordered_set.go:31.34,32.35 1 320
github.com/splunk-terraform/terraform-provider-signalfx/internal/common/ordered_set.go:32.35,35.3 2 216
github.com/splunk-terraform/terraform-provider-signalfx/internal/common/ordered_set.go:38.44,39.26 1 64
github.com/splunk-terraform/terraform-provider-signalfx/internal/common/ordered_set.go:39.26,41.3 1 320
github.com/splunk-terraform/terraform-provider-signalfx/internal/common/pointer.go:6.31,8.2 1 32
github.com/splunk-terraform/terraform-provider-signalfx/internal/common/pointer.go:10.65,11.14 1 16
github.com/splunk-terraform/terraform-provider-signalfx/internal/common/pointer.go:11.14,13.3 1 8
github.com/splunk-terraform/terraform-provider-signalfx/internal/common/pointer.go:14.2,14.24 1 8
github.com/splunk-terraform/terraform-provider-signalfx/internal/common/time_range.go:19.26,22.2 2 48
github.com/splunk-terraform/terraform-provider-signalfx/internal/common/time_range.go:29.58,30.14 1 64
github.com/splunk-terraform/terraform-provider-signalfx/internal/common/time_range.go:30.14,32.3 1 8
github.com/splunk-terraform/terraform-provider-signalfx/internal/common/time_range.go:33.2,33.33 1 56
github.com/splunk-terraform/terraform-provider-signalfx/internal/common/time_range.go:33.33,35.3 1 8
github.com/splunk-terraform/terraform-provider-signalfx/internal/common/time_range.go:37.2,42.48 2 48
github.com/splunk-terraform/terraform-provider-signalfx/internal/common/time_range.go:42.48,43.10 1 152
github.com/splunk-terraform/terraform-provider-signalfx/internal/common/time_range.go:44.27,45.37 1 104
github.com/splunk-terraform/terraform-provider-signalfx/internal/common/time_range.go:46.18,47.20 1 40
github.com/splunk-terraform/terraform-provider-signalfx/internal/common/time_range.go:47.20,49.5 1 8
github.com/splunk-terraform/terraform-provider-signalfx/internal/common/time_range.go:50.4,50.56 1 32
github.com/splunk-terraform/terraform-provider-signalfx/internal/common/time_range.go:51.11,52.67 1 8
github.com/splunk-terraform/terraform-provider-signalfx/internal/common/time_range.go:56.2,56.32 1 32
github.com/splunk-terraform/terraform-provider-signalfx/internal/common/time_range.go:56.32,58.3 1 8
github.com/splunk-terraform/terraform-provider-signalfx/internal/common/time_range.go:60.2,60.29 1 24
github.com/splunk-terraform/terraform-provider-signalfx/internal/common/unique.go:12.49,14.26 2 24
github.com/splunk-terraform/terraform-provider-signalfx/internal/common/unique.go:14.26,16.3 1 32
github.com/splunk-terraform/terraform-provider-signalfx/internal/common/unique.go:17.2,17.32 1 24
github.com/splunk-terraform/terraform-provider-signalfx/internal/convert/convert_any.go:7.29,9.2 1 8
github.com/splunk-terraform/terraform-provider-signalfx/internal/convert/convert_aws_integration.go:8.67,15.55 3 16
github.com/splunk-terraform/terraform-provider-signalfx/internal/convert/convert_aws_integration.go:15.55,17.3 1 8
github.com/splunk-terraform/terraform-provider-signalfx/internal/convert/convert_aws_integration.go:19.2,19.54 1 16
github.com/splunk-terraform/terraform-provider-signalfx/internal/convert/convert_aws_integration.go:19.54,24.3 1 8
github.com/splunk-terraform/terraform-provider-signalfx/internal/convert/convert_aws_integration.go:26.2,26.13 1 16
github.com/splunk-terraform/terraform-provider-signalfx/internal/convert/convert_aws_integration.go:29.79,35.71 3 16
github.com/splunk-terraform/terraform-provider-signalfx/internal/convert/convert_aws_integration.go:35.71,37.3 1 8
github.com/splunk-terraform/terraform-provider-signalfx/internal/convert/convert_aws_integration.go:39.2,39.70 1 16
github.com/splunk-terraform/terraform-provider-signalfx/internal/convert/convert_aws_integration.go:39.70,44.3 1 8
github.com/splunk-terraform/terraform-provider-signalfx/internal/convert/convert_aws_integration.go:46.2,46.13 1 16
github.com/splunk-terraform/terraform-provider-signalfx/internal/convert/convert_reminder_notification.go:10.83,11.78 1 32
github.com/splunk-terraform/terraform-provider-signalfx/internal/convert/convert_reminder_notification.go:11.78,12.46 1 24
github.com/splunk-terraform/terraform-provider-signalfx/internal/convert/convert_reminder_notification.go:12.46,13.23 1 24
github.com/splunk-terraform/terraform-provider-signalfx/internal/convert/convert_reminder_notification.go:13.23,16.52 3 16
github.com/splunk-terraform/terraform-provider-signalfx/internal/convert/convert_reminder_notification.go:16.52,18.6 1 8
github.com/splunk-terraform/terraform-provider-signalfx/internal/convert/convert_reminder_notification.go:19.5,19.50 1 16
github.com/splunk-terraform/terraform-provider-signalfx/internal/convert/convert_reminder_notification.go:19.50,21.6 1 8
github.com/splunk-terraform/terraform-provider-signalfx/internal/convert/convert_reminder_notification.go:22.5,22.49 1 16
github.com/splunk-terraform/terraform-provider-signalfx/internal/convert/convert_reminder_notification.go:22.49,24.6 1 8
github.com/splunk-terraform/terraform-provider-signalfx/internal/convert/convert_reminder_notification.go:25.5,25.32 1 16
github.com/splunk-terraform/terraform-provider-signalfx/internal/convert/convert_reminder_notification.go:29.2,29.12 1 16
github.com/splunk-terraform/terraform-provider-signalfx/internal/convert/convert_secondary_visualizations.go:15.74,21.31 2 56
github.com/splunk-terraform/terraform-provider-signalfx/internal/convert/convert_secondary_visualizations.go:21.31,24.3 1 64
github.com/splunk-terraform/terraform-provider-signalfx/internal/convert/convert_secondary_visualizations.go:26.2,26.38 1 56
github.com/splunk-terraform/terraform-provider-signalfx/internal/convert/convert_secondary_visualizations.go:26.38,28.3 1 16
github.com/splunk-terraform/terraform-provider-signalfx/internal/convert/convert_secondary_visualizations.go:30.2,30.39 1 56
github.com/splunk-terraform/terraform-provider-signalfx/internal/convert/convert_secondary_visualizations.go:30.39,32.3 1 16
github.com/splunk-terraform/terraform-provider-signalfx/internal/convert/convert_secondary_visualizations.go:34.2,34.38 1 56
github.com/splunk-terraform/terraform-provider-signalfx/internal/convert/convert_secondary_visualizations.go:34.38,36.3 1 16
github.com/splunk-terraform/terraform-provider-signalfx/internal/convert/convert_secondary_visualizations.go:38.2,38.39 1 56
github.com/splunk-terraform/terraform-provider-signalfx/internal/convert/convert_secondary_visualizations.go:38.39,40.3 1 16
github.com/splunk-terraform/terraform-provider-signalfx/internal/convert/convert_secondary_visualizations.go:42.2,42.40 1 56
github.com/splunk-terraform/terraform-provider-signalfx/internal/convert/convert_secondary_visualizations.go:42.40,44.9 2 8
github.com/splunk-terraform/terraform-provider-signalfx/internal/convert/convert_secondary_visualizations.go:44.9,46.4 1 8
github.com/splunk-terraform/terraform-provider-signalfx/internal/convert/convert_secondary_visualizations.go:49.2,49.12 1 56
github.com/splunk-terraform/terraform-provider-signalfx/internal/convert/convert_string.go:6.30,8.2 1 8
github.com/splunk-terraform/terraform-provider-signalfx/internal/convert/convert_string.go:10.40,12.2 1 16
github.com/splunk-terraform/terraform-provider-signalfx/internal/convert/converter.go:13.77,15.22 2 16
github.com/splunk-terraform/terraform-provider-signalfx/internal/convert/converter.go:15.22,17.3 1 16
github.com/splunk-terraform/terraform-provider-signalfx/internal/convert/converter.go:18.2,18.12 1 16
github.com/splunk-terraform/terraform-provider-signalfx/internal/convert/converter.go:24.69,26.23 2 24
github.com/splunk-terraform/terraform-provider-signalfx/internal/convert/converter.go:26.23,28.3 1 8
github.com/splunk-terraform/terraform-provider-signalfx/internal/convert/converter.go:29.2,29.40 1 16
github.com/splunk-terraform/terraform-provider-signalfx/internal/definition/autoarchiveexemptmetric/resource.go:24.37,34.2 1 88
github.com/splunk-terraform/terraform-provider-signalfx/internal/definition/autoarchiveexemptmetric/resource.go:36.94,38.16 2 24
github.com/splunk-terraform/terraform-provider-signalfx/internal/definition/autoarchiveexemptmetric/resource.go:38.16,40.3 1 8
github.com/splunk-terraform/terraform-provider-signalfx/internal/definition/autoarchiveexemptmetric/resource.go:42.2,43.16 2 16
github.com/splunk-terraform/terraform-provider-signalfx/internal/definition/autoarchiveexemptmetric/resource.go:43.16,45.3 1 8
github.com/splunk-terraform/terraform-provider-signalfx/internal/definition/autoarchiveexemptmetric/resource.go:47.2,47.72 1 8
github.com/splunk-terraform/terraform-provider-signalfx/internal/definition/autoarchiveexemptmetric/resource.go:50.96,52.16 2 24
github.com/splunk-terraform/terraform-provider-signalfx/internal/definition/autoarchiveexemptmetric/resource.go:52.16,54.3 1 8
github.com/splunk-terraform/terraform-provider-signalfx/internal/definition/autoarchiveexemptmetric/resource.go:56.2,57.16 2 16
github.com/splunk-terraform/terraform-provider-signalfx/internal/definition/autoarchiveexemptmetric/resource.go:57.16,59.3 1 0
github.com/splunk-terraform/terraform-provider-signalfx/internal/definition/autoarchiveexemptmetric/resource.go:61.2,62.16 2 16
github.com/splunk-terraform/terraform-provider-signalfx/internal/definition/autoarchiveexemptmetric/resource.go:62.16,64.3 1 8
github.com/splunk-terraform/terraform-provider-signalfx/internal/definition/autoarchiveexemptmetric/resource.go:67.2,67.31 1 8
github.com/splunk-terraform/terraform-provider-signalfx/internal/definition/autoarchiveexemptmetric/resource.go:67.31,69.3 1 0
github.com/splunk-terraform/terraform-provider-signalfx/internal/definition/autoarchiveexemptmetric/resource.go:71.2,72.41 2 8
github.com/splunk-terraform/terraform-provider-signalfx/internal/definition/autoarchiveexemptmetric/resource.go:72.41,74.3 1 16
github.com/splunk-terraform/terraform-provider-signalfx/internal/definition/autoarchiveexemptmetric/resource.go:75.2,77.72 2 8
github.com/splunk-terraform/terraform-provider-signalfx/internal/definition/autoarchiveexemptmetric/resource.go:80.96,82.16 2 24
github.com/splunk-terraform/terraform-provider-signalfx/internal/definition/autoarchiveexemptmetric/resource.go:82.16,84.3 1 8
github.com/splunk-terraform/terraform-provider-signalfx/internal/definition/autoarchiveexemptmetric/resource.go:86.2,86.27 1 16
github.com/splunk-terraform/terraform-provider-signalfx/internal/definition/autoarchiveexemptmetric/resource.go:86.27,88.3 1 0
github.com/splunk-terraform/terraform-provider-signalfx/internal/definition/autoarchiveexemptmetric/resource.go:89.2,95.16 4 16
github.com/splunk-terraform/terraform-provider-signalfx/internal/definition/autoarchiveexemptmetric/resource.go:95.16,97.3 1 8
github.com/splunk-terraform/terraform-provider-signalfx/internal/definition/autoarchiveexemptmetric/resource.go:98.2,98.69 1 16
github.com/splunk-terraform/terraform-provider-signalfx/internal/definition/autoarchiveexemptmetric/schema.go:13.44,26.2 1 160
github.com/splunk-terraform/terraform-provider-signalfx/internal/definition/autoarchiveexemptmetric/schema.go:28.56,56.2 1 160
github.com/splunk-terraform/terraform-provider-signalfx/internal/definition/autoarchiveexemptmetric/schema.go:58.93,61.9 3 88
github.com/splunk-terraform/terraform-provider-signalfx/internal/definition/autoarchiveexemptmetric/schema.go:61.9,63.3 1 24
github.com/splunk-terraform/terraform-provider-signalfx/internal/definition/autoarchiveexemptmetric/schema.go:65.2,65.33 1 64
github.com/splunk-terraform/terraform-provider-signalfx/internal/definition/autoarchiveexemptmetric/schema.go:65.33,67.10 2 120
github.com/splunk-terraform/terraform-provider-signalfx/internal/definition/autoarchiveexemptmetric/schema.go:67.10,68.12 1 0
github.com/splunk-terraform/terraform-provider-signalfx/internal/definition/autoarchiveexemptmetric/schema.go:71.3,76.70 2 120
github.com/splunk-terraform/terraform-provider-signalfx/internal/definition/autoarchiveexemptmetric/schema.go:76.70,78.4 1 8
github.com/splunk-terraform/terraform-provider-signalfx/internal/definition/autoarchiveexemptmetric/schema.go:80.3,80.90 1 120
github.com/splunk-terraform/terraform-provider-signalfx/internal/definition/autoarchiveexemptmetric/schema.go:80.90,82.4 1 8
github.com/splunk-terraform/terraform-provider-signalfx/internal/definition/autoarchiveexemptmetric/schema.go:84.3,84.66 1 120
github.com/splunk-terraform/terraform-provider-signalfx/internal/definition/autoarchiveexemptmetric/schema.go:84.66,87.4 2 8
github.com/splunk-terraform/terraform-provider-signalfx/internal/definition/autoarchiveexemptmetric/schema.go:89.3,89.79 1 120
github.com/splunk-terraform/terraform-provider-signalfx/internal/definition/autoarchiveexemptmetric/schema.go:89.79,92.4 2 8
github.com/splunk-terraform/terraform-provider-signalfx/internal/definition/autoarchiveexemptmetric/schema.go:94.3,94.59 1 120
github.com/splunk-terraform/terraform-provider-signalfx/internal/definition/autoarchiveexemptmetric/schema.go:96.2,96.28 1 64
github.com/splunk-terraform/terraform-provider-signalfx/internal/definition/autoarchiveexemptmetric/schema.go:99.106,100.56 1 128
github.com/splunk-terraform/terraform-provider-signalfx/internal/definition/autoarchiveexemptmetric/schema.go:100.56,102.17 2 56
github.com/splunk-terraform/terraform-provider-signalfx/internal/definition/autoarchiveexemptmetric/schema.go:102.17,104.4 1 0
github.com/splunk-terraform/terraform-provider-signalfx/internal/definition/autoarchiveexemptmetric/schema.go:105.3,105.13 1 56
github.com/splunk-terraform/terraform-provider-signalfx/internal/definition/autoarchiveexemptmetric/schema.go:108.2,109.41 2 72
github.com/splunk-terraform/terraform-provider-signalfx/internal/definition/autoarchiveexemptmetric/schema.go:109.41,113.28 2 128
github.com/splunk-terraform/terraform-provider-signalfx/internal/definition/autoarchiveexemptmetric/schema.go:113.28,115.4 1 8
github.com/splunk-terraform/terraform-provider-signalfx/internal/definition/autoarchiveexemptmetric/schema.go:116.3,116.34 1 128
github.com/splunk-terraform/terraform-provider-signalfx/internal/definition/autoarchiveexemptmetric/schema.go:116.34,118.4 1 8
github.com/splunk-terraform/terraform-provider-signalfx/internal/definition/autoarchiveexemptmetric/schema.go:119.3,119.28 1 128
github.com/splunk-terraform/terraform-provider-signalfx/internal/definition/autoarchiveexemptmetric/schema.go:119.28,121.4 1 8
github.com/splunk-terraform/terraform-provider-signalfx/internal/definition/autoarchiveexemptmetric/schema.go:122.3,122.32 1 128
github.com/splunk-terraform/terraform-provider-signalfx/internal/definition/autoarchiveexemptmetric/schema.go:122.32,124.4 1 8
github.com/splunk-terraform/terraform-provider-signalfx/internal/definition/autoarchiveexemptmetric/schema.go:127.2,127.54 1 72
github.com/splunk-terraform/terraform-provider-signalfx/internal/definition/autoarchivesettings/resource.go:23.37,34.2 1 112
github.com/splunk-terraform/terraform-provider-signalfx/internal/definition/autoarchivesettings/resource.go:36.94,38.16 2 24
github.com/splunk-terraform/terraform-provider-signalfx/internal/definition/autoarchivesettings/resource.go:38.16,40.3 1 8
github.com/splunk-terraform/terraform-provider-signalfx/internal/definition/autoarchivesettings/resource.go:42.2,43.16 2 16
github.com/splunk-terraform/terraform-provider-signalfx/internal/definition/autoarchivesettings/resource.go:43.16,45.3 1 8
github.com/splunk-terraform/terraform-provider-signalfx/internal/definition/autoarchivesettings/resource.go:47.2,47.66 1 8
github.com/splunk-terraform/terraform-provider-signalfx/internal/definition/autoarchivesettings/resource.go:50.96,52.16 2 24
github.com/splunk-terraform/terraform-provider-signalfx/internal/definition/autoarchivesettings/resource.go:52.16,54.3 1 8
github.com/splunk-terraform/terraform-provider-signalfx/internal/definition/autoarchivesettings/resource.go:56.2,57.16 2 16
github.com/splunk-terraform/terraform-provider-signalfx/internal/definition/autoarchivesettings/resource.go:57.16,59.3 1 0
github.com/splunk-terraform/terraform-provider-signalfx/internal/definition/autoarchivesettings/resource.go:61.2,74.16 2 16
github.com/splunk-terraform/terraform-provider-signalfx/internal/definition/autoarchivesettings/resource.go:74.16,76.3 1 8
github.com/splunk-terraform/terraform-provider-signalfx/internal/definition/autoarchivesettings/resource.go:78.2,79.12 2 8
github.com/splunk-terraform/terraform-provider-signalfx/internal/definition/autoarchivesettings/resource.go:82.96,84.16 2 24
github.com/splunk-terraform/terraform-provider-signalfx/internal/definition/autoarchivesettings/resource.go:84.16,86.3 1 8
github.com/splunk-terraform/terraform-provider-signalfx/internal/definition/autoarchivesettings/resource.go:88.2,89.16 2 16
github.com/splunk-terraform/terraform-provider-signalfx/internal/definition/autoarchivesettings/resource.go:89.16,91.3 1 0
github.com/splunk-terraform/terraform-provider-signalfx/internal/definition/autoarchivesettings/resource.go:93.2,105.16 2 16
github.com/splunk-terraform/terraform-provider-signalfx/internal/definition/autoarchivesettings/resource.go:105.16,107.3 1 8
github.com/splunk-terraform/terraform-provider-signalfx/internal/definition/autoarchivesettings/resource.go:109.2,109.65 1 8
github.com/splunk-terraform/terraform-provider-signalfx/internal/definition/autoarchivesettings/resource.go:112.96,114.16 2 24
github.com/splunk-terraform/terraform-provider-signalfx/internal/definition/autoarchivesettings/resource.go:114.16,116.3 1 8
github.com/splunk-terraform/terraform-provider-signalfx/internal/definition/autoarchivesettings/resource.go:118.2,119.16 2 16
github.com/splunk-terraform/terraform-provider-signalfx/internal/definition/autoarchivesettings/resource.go:119.16,121.3 1 0
github.com/splunk-terraform/terraform-provider-signalfx/internal/definition/autoarchivesettings/resource.go:122.2,126.16 3 16
github.com/splunk-terraform/terraform-provider-signalfx/internal/definition/autoarchivesettings/resource.go:126.16,128.3 1 8
github.com/splunk-terraform/terraform-provider-signalfx/internal/definition/autoarchivesettings/resource.go:130.2,130.69 1 16
github.com/splunk-terraform/terraform-provider-signalfx/internal/definition/autoarchivesettings/schema.go:16.44,64.2 1 152
github.com/splunk-terraform/terraform-provider-signalfx/internal/definition/autoarchivesettings/schema.go:66.94,72.49 2 104
github.com/splunk-terraform/terraform-provider-signalfx/internal/definition/autoarchivesettings/schema.go:72.49,73.39 1 8
github.com/splunk-terraform/terraform-provider-signalfx/internal/definition/autoarchivesettings/schema.go:73.39,75.4 1 8
github.com/splunk-terraform/terraform-provider-signalfx/internal/definition/autoarchivesettings/schema.go:77.2,77.63 1 104
github.com/splunk-terraform/terraform-provider-signalfx/internal/definition/autoarchivesettings/schema.go:77.63,78.45 1 8
github.com/splunk-terraform/terraform-provider-signalfx/internal/definition/autoarchivesettings/schema.go:78.45,80.4 1 8
github.com/splunk-terraform/terraform-provider-signalfx/internal/definition/autoarchivesettings/schema.go:82.2,82.49 1 104
github.com/splunk-terraform/terraform-provider-signalfx/internal/definition/autoarchivesettings/schema.go:82.49,83.36 1 8
github.com/splunk-terraform/terraform-provider-signalfx/internal/definition/autoarchivesettings/schema.go:83.36,86.4 2 8
github.com/splunk-terraform/terraform-provider-signalfx/internal/definition/autoarchivesettings/schema.go:88.2,88.58 1 104
github.com/splunk-terraform/terraform-provider-signalfx/internal/definition/autoarchivesettings/schema.go:88.58,89.40 1 8
github.com/splunk-terraform/terraform-provider-signalfx/internal/definition/autoarchivesettings/schema.go:89.40,92.4 2 8
github.com/splunk-terraform/terraform-provider-signalfx/internal/definition/autoarchivesettings/schema.go:94.2,94.49 1 104
github.com/splunk-terraform/terraform-provider-signalfx/internal/definition/autoarchivesettings/schema.go:94.49,96.17 2 96
github.com/splunk-terraform/terraform-provider-signalfx/internal/definition/autoarchivesettings/schema.go:96.17,98.4 1 96
github.com/splunk-terraform/terraform-provider-signalfx/internal/definition/autoarchivesettings/schema.go:100.2,100.57 1 104
github.com/splunk-terraform/terraform-provider-signalfx/internal/definition/autoarchivesettings/schema.go:100.57,102.67 2 32
github.com/splunk-terraform/terraform-provider-signalfx/internal/definition/autoarchivesettings/schema.go:102.67,104.4 1 8
github.com/splunk-terraform/terraform-provider-signalfx/internal/definition/autoarchivesettings/schema.go:105.3,105.65 1 24
github.com/splunk-terraform/terraform-provider-signalfx/internal/definition/autoarchivesettings/schema.go:108.2,108.22 1 96
github.com/splunk-terraform/terraform-provider-signalfx/internal/definition/autoarchivesettings/schema.go:111.101,119.29 2 128
github.com/splunk-terraform/terraform-provider-signalfx/internal/definition/autoarchivesettings/schema.go:119.29,121.3 1 0
github.com/splunk-terraform/terraform-provider-signalfx/internal/definition/autoarchivesettings/schema.go:122.2,122.35 1 128
github.com/splunk-terraform/terraform-provider-signalfx/internal/definition/autoarchivesettings/schema.go:122.35,124.3 1 0
github.com/splunk-terraform/terraform-provider-signalfx/internal/definition/autoarchivesettings/schema.go:125.2,125.29 1 128
github.com/splunk-terraform/terraform-provider-signalfx/internal/definition/autoarchivesettings/schema.go:125.29,127.3 1 0
github.com/splunk-terraform/terraform-provider-signalfx/internal/definition/autoarchivesettings/schema.go:128.2,128.33 1 128
github.com/splunk-terraform/terraform-provider-signalfx/internal/definition/autoarchivesettings/schema.go:128.33,130.3 1 0
github.com/splunk-terraform/terraform-provider-signalfx/internal/definition/autoarchivesettings/schema.go:132.2,132.13 1 128
github.com/splunk-terraform/terraform-provider-signalfx/internal/definition/awsintegration/schema_integration.go:19.55,245.2 1 120
github.com/splunk-terraform/terraform-provider-signalfx/internal/definition/awsintegration/schema_integration.go:247.94,266.66 2 48
github.com/splunk-terraform/terraform-provider-signalfx/internal/definition/awsintegration/schema_integration.go:266.66,268.3 1 8
github.com/splunk-terraform/terraform-provider-signalfx/internal/definition/awsintegration/schema_integration.go:268.8,268.52 1 40
github.com/splunk-terraform/terraform-provider-signalfx/internal/definition/awsintegration/schema_integration.go:268.52,271.3 1 0
github.com/splunk-terraform/terraform-provider-signalfx/internal/definition/awsintegration/schema_integration.go:273.2,273.58 1 48
github.com/splunk-terraform/terraform-provider-signalfx/internal/definition/awsintegration/schema_integration.go:273.58,275.3 1 0
github.com/splunk-terraform/terraform-provider-signalfx/internal/definition/awsintegration/schema_integration.go:275.8,275.44 1 48
github.com/splunk-terraform/terraform-provider-signalfx/internal/definition/awsintegration/schema_integration.go:275.44,278.3 1 0
github.com/splunk-terraform/terraform-provider-signalfx/internal/definition/awsintegration/schema_integration.go:280.2,280.53 1 48
github.com/splunk-terraform/terraform-provider-signalfx/internal/definition/awsintegration/schema_integration.go:280.53,284.3 3 8
github.com/splunk-terraform/terraform-provider-signalfx/internal/definition/awsintegration/schema_integration.go:284.8,284.54 1 40
github.com/splunk-terraform/terraform-provider-signalfx/internal/definition/awsintegration/schema_integration.go:284.54,288.3 3 32
github.com/splunk-terraform/terraform-provider-signalfx/internal/definition/awsintegration/schema_integration.go:288.8,290.3 1 8
github.com/splunk-terraform/terraform-provider-signalfx/internal/definition/awsintegration/schema_integration.go:292.2,292.24 1 40
github.com/splunk-terraform/terraform-provider-signalfx/internal/definition/awsintegration/schema_integration.go:292.24,294.3 1 0
github.com/splunk-terraform/terraform-provider-signalfx/internal/definition/awsintegration/schema_integration.go:296.2,296.42 1 40
github.com/splunk-terraform/terraform-provider-signalfx/internal/definition/awsintegration/schema_integration.go:296.42,298.3 1 40
github.com/splunk-terraform/terraform-provider-signalfx/internal/definition/awsintegration/schema_integration.go:300.2,300.44 1 40
github.com/splunk-terraform/terraform-provider-signalfx/internal/definition/awsintegration/schema_integration.go:300.44,302.3 1 8
github.com/splunk-terraform/terraform-provider-signalfx/internal/definition/awsintegration/schema_integration.go:304.2,304.84 1 40
github.com/splunk-terraform/terraform-provider-signalfx/internal/definition/awsintegration/schema_integration.go:304.84,306.46 2 16
github.com/splunk-terraform/terraform-provider-signalfx/internal/definition/awsintegration/schema_integration.go:306.46,313.37 2 16
github.com/splunk-terraform/terraform-provider-signalfx/internal/definition/awsintegration/schema_integration.go:313.37,315.5 1 16
github.com/splunk-terraform/terraform-provider-signalfx/internal/definition/awsintegration/schema_integration.go:316.4,316.35 1 16
github.com/splunk-terraform/terraform-provider-signalfx/internal/definition/awsintegration/schema_integration.go:318.3,318.31 1 16
github.com/splunk-terraform/terraform-provider-signalfx/internal/definition/awsintegration/schema_integration.go:321.2,321.17 1 40
github.com/splunk-terraform/terraform-provider-signalfx/internal/definition/awsintegration/schema_integration.go:324.95,341.21 2 64
github.com/splunk-terraform/terraform-provider-signalfx/internal/definition/awsintegration/schema_integration.go:341.21,343.3 1 8
github.com/splunk-terraform/terraform-provider-signalfx/internal/definition/awsintegration/schema_integration.go:345.2,345.19 1 64
github.com/splunk-terraform/terraform-provider-signalfx/internal/definition/awsintegration/schema_integration.go:345.19,347.3 1 0
github.com/splunk-terraform/terraform-provider-signalfx/internal/definition/awsintegration/schema_integration.go:349.2,349.26 1 64
github.com/splunk-terraform/terraform-provider-signalfx/internal/definition/awsintegration/schema_integration.go:349.26,354.3 1 8
github.com/splunk-terraform/terraform-provider-signalfx/internal/definition/awsintegration/schema_integration.go:356.2,356.43 1 64
github.com/splunk-terraform/terraform-provider-signalfx/internal/definition/awsintegration/schema_integration.go:356.43,359.115 1 8
github.com/splunk-terraform/terraform-provider-signalfx/internal/definition/awsintegration/schema_integration.go:359.115,364.25 2 8
github.com/splunk-terraform/terraform-provider-signalfx/internal/definition/awsintegration/schema_integration.go:364.25,367.6 2 8
github.com/splunk-terraform/terraform-provider-signalfx/internal/definition/awsintegration/schema_integration.go:368.5,368.16 1 8
github.com/splunk-terraform/terraform-provider-signalfx/internal/definition/awsintegration/schema_integration.go:370.8,370.49 1 56
github.com/splunk-terraform/terraform-provider-signalfx/internal/definition/awsintegration/schema_integration.go:370.49,375.3 1 8
github.com/splunk-terraform/terraform-provider-signalfx/internal/definition/awsintegration/schema_integration.go:377.2,377.38 1 64
github.com/splunk-terraform/terraform-provider-signalfx/internal/definition/awsintegration/schema_integration.go:377.38,380.40 1 0
github.com/splunk-terraform/terraform-provider-signalfx/internal/definition/awsintegration/schema_integration.go:380.40,382.5 1 0
github.com/splunk-terraform/terraform-provider-signalfx/internal/definition/awsintegration/schema_integration.go:384.8,384.44 1 64
github.com/splunk-terraform/terraform-provider-signalfx/internal/definition/awsintegration/schema_integration.go:384.44,385.160 1 8
github.com/splunk-terraform/terraform-provider-signalfx/internal/definition/awsintegration/schema_integration.go:385.160,390.24 2 8
github.com/splunk-terraform/terraform-provider-signalfx/internal/definition/awsintegration/schema_integration.go:390.24,393.5 2 8
github.com/splunk-terraform/terraform-provider-signalfx/internal/definition/awsintegration/schema_integration.go:394.4,394.15 1 8
github.com/splunk-terraform/terraform-provider-signalfx/internal/definition/awsintegration/schema_integration.go:398.2,398.36 1 64
github.com/splunk-terraform/terraform-provider-signalfx/internal/definition/awsintegration/schema_integration.go:398.36,400.51 2 8
github.com/splunk-terraform/terraform-provider-signalfx/internal/definition/awsintegration/schema_integration.go:400.51,401.33 1 8
github.com/splunk-terraform/terraform-provider-signalfx/internal/definition/awsintegration/schema_integration.go:401.33,407.5 1 8
github.com/splunk-terraform/terraform-provider-signalfx/internal/definition/awsintegration/schema_integration.go:409.3,409.68 1 8
github.com/splunk-terraform/terraform-provider-signalfx/internal/definition/awsintegration/schema_integration.go:412.2,412.13 1 64
github.com/splunk-terraform/terraform-provider-signalfx/internal/definition/detector/resource.go:27.37,43.2 1 128
github.com/splunk-terraform/terraform-provider-signalfx/internal/definition/detector/resource.go:45.105,47.16 2 24
github.com/splunk-terraform/terraform-provider-signalfx/internal/definition/detector/resource.go:47.16,49.3 1 8
github.com/splunk-terraform/terraform-provider-signalfx/internal/definition/detector/resource.go:51.2,52.16 2 16
github.com/splunk-terraform/terraform-provider-signalfx/internal/definition/detector/resource.go:52.16,54.3 1 0
github.com/splunk-terraform/terraform-provider-signalfx/internal/definition/detector/resource.go:56.2,76.47 3 16
github.com/splunk-terraform/terraform-provider-signalfx/internal/definition/detector/resource.go:76.47,78.3 1 8
github.com/splunk-terraform/terraform-provider-signalfx/internal/definition/detector/resource.go:80.2,96.3 3 8
github.com/splunk-terraform/terraform-provider-signalfx/internal/definition/detector/resource.go:99.103,101.16 2 40
github.com/splunk-terraform/terraform-provider-signalfx/internal/definition/detector/resource.go:101.16,103.3 1 8
github.com/splunk-terraform/terraform-provider-signalfx/internal/definition/detector/resource.go:105.2,106.47 2 32
github.com/splunk-terraform/terraform-provider-signalfx/internal/definition/detector/resource.go:106.47,108.3 1 8
github.com/splunk-terraform/terraform-provider-signalfx/internal/definition/detector/resource.go:110.2,112.21 2 24
github.com/splunk-terraform/terraform-provider-signalfx/internal/definition/detector/resource.go:112.21,114.3 1 8
github.com/splunk-terraform/terraform-provider-signalfx/internal/definition/detector/resource.go:116.2,125.3 2 24
github.com/splunk-terraform/terraform-provider-signalfx/internal/definition/detector/resource.go:128.105,130.16 2 24
github.com/splunk-terraform/terraform-provider-signalfx/internal/definition/detector/resource.go:130.16,132.3 1 8
github.com/splunk-terraform/terraform-provider-signalfx/internal/definition/detector/resource.go:133.2,134.16 2 16
github.com/splunk-terraform/terraform-provider-signalfx/internal/definition/detector/resource.go:134.16,136.3 1 0
github.com/splunk-terraform/terraform-provider-signalfx/internal/definition/detector/resource.go:137.2,160.47 3 16
github.com/splunk-terraform/terraform-provider-signalfx/internal/definition/detector/resource.go:160.47,162.3 1 8
github.com/splunk-terraform/terraform-provider-signalfx/internal/definition/detector/resource.go:164.2,173.3 2 8
github.com/splunk-terraform/terraform-provider-signalfx/internal/definition/detector/resource.go:176.96,178.16 2 24
github.com/splunk-terraform/terraform-provider-signalfx/internal/definition/detector/resource.go:178.16,180.3 1 8
github.com/splunk-terraform/terraform-provider-signalfx/internal/definition/detector/resource.go:181.2,182.38 2 16
github.com/splunk-terraform/terraform-provider-signalfx/internal/definition/detector/resource.go:185.98,187.43 2 0
github.com/splunk-terraform/terraform-provider-signalfx/internal/definition/detector/resource.go:187.43,189.3 1 0
github.com/splunk-terraform/terraform-provider-signalfx/internal/definition/detector/resource.go:190.2,190.51 1 0
github.com/splunk-terraform/terraform-provider-signalfx/internal/definition/detector/resource.go:190.51,192.3 1 0
github.com/splunk-terraform/terraform-provider-signalfx/internal/definition/detector/resource.go:193.2,193.17 1 0
github.com/splunk-terraform/terraform-provider-signalfx/internal/definition/detector/resource.go:196.91,198.58 2 0
github.com/splunk-terraform/terraform-provider-signalfx/internal/definition/detector/resource.go:198.58,210.43 3 0
github.com/splunk-terraform/terraform-provider-signalfx/internal/definition/detector/resource.go:210.43,213.4 2 0
github.com/splunk-terraform/terraform-provider-signalfx/internal/definition/detector/resource.go:214.3,214.30 1 0
github.com/splunk-terraform/terraform-provider-signalfx/internal/definition/detector/resource.go:217.2,218.16 2 0
github.com/splunk-terraform/terraform-provider-signalfx/internal/definition/detector/resource.go:218.16,220.3 1 0
github.com/splunk-terraform/terraform-provider-signalfx/internal/definition/detector/resource.go:222.2,233.4 2 0
github.com/splunk-terraform/terraform-provider-signalfx/internal/definition/detector/schema.go:19.44,195.2 1 152
github.com/splunk-terraform/terraform-provider-signalfx/internal/definition/detector/schema.go:197.75,218.42 2 80
github.com/splunk-terraform/terraform-provider-signalfx/internal/definition/detector/schema.go:218.42,223.3 1 24
github.com/splunk-terraform/terraform-provider-signalfx/internal/definition/detector/schema.go:225.2,225.45 1 80
github.com/splunk-terraform/terraform-provider-signalfx/internal/definition/detector/schema.go:225.45,232.3 1 8
github.com/splunk-terraform/terraform-provider-signalfx/internal/definition/detector/schema.go:234.2,239.4 1 80
github.com/splunk-terraform/terraform-provider-signalfx/internal/definition/detector/schema.go:239.4,240.46 1 320
github.com/splunk-terraform/terraform-provider-signalfx/internal/definition/detector/schema.go:240.46,241.50 1 88
github.com/splunk-terraform/terraform-provider-signalfx/internal/definition/detector/schema.go:241.50,243.5 1 104
github.com/splunk-terraform/terraform-provider-signalfx/internal/definition/detector/schema.go:247.2,248.16 2 80
github.com/splunk-terraform/terraform-provider-signalfx/internal/definition/detector/schema.go:248.16,250.3 1 0
github.com/splunk-terraform/terraform-provider-signalfx/internal/definition/detector/schema.go:251.2,254.66 3 80
github.com/splunk-terraform/terraform-provider-signalfx/internal/definition/detector/schema.go:254.66,264.63 3 8
github.com/splunk-terraform/terraform-provider-signalfx/internal/definition/detector/schema.go:264.63,266.4 1 8
github.com/splunk-terraform/terraform-provider-signalfx/internal/definition/detector/schema.go:268.3,268.103 1 8
github.com/splunk-terraform/terraform-provider-signalfx/internal/definition/detector/schema.go:271.2,271.15 1 80
github.com/splunk-terraform/terraform-provider-signalfx/internal/definition/detector/schema.go:274.76,290.24 3 160
github.com/splunk-terraform/terraform-provider-signalfx/internal/definition/detector/schema.go:290.24,292.3 1 40
github.com/splunk-terraform/terraform-provider-signalfx/internal/definition/detector/schema.go:293.2,293.24 1 160
github.com/splunk-terraform/terraform-provider-signalfx/internal/definition/detector/schema.go:293.24,295.3 1 40
github.com/splunk-terraform/terraform-provider-signalfx/internal/definition/detector/schema.go:296.2,296.47 1 160
github.com/splunk-terraform/terraform-provider-signalfx/internal/definition/detector/schema.go:296.47,299.3 2 24
github.com/splunk-terraform/terraform-provider-signalfx/internal/definition/detector/schema.go:301.2,301.48 1 160
github.com/splunk-terraform/terraform-provider-signalfx/internal/definition/detector/schema.go:301.48,307.30 2 32
github.com/splunk-terraform/terraform-provider-signalfx/internal/definition/detector/schema.go:307.30,308.11 1 16
github.com/splunk-terraform/terraform-provider-signalfx/internal/definition/detector/schema.go:309.40,311.61 2 8
github.com/splunk-terraform/terraform-provider-signalfx/internal/definition/detector/schema.go:312.24,313.70 1 8
github.com/splunk-terraform/terraform-provider-signalfx/internal/definition/detector/schema.go:316.3,319.48 3 32
github.com/splunk-terraform/terraform-provider-signalfx/internal/definition/detector/schema.go:319.48,321.42 2 8
github.com/splunk-terraform/terraform-provider-signalfx/internal/definition/detector/schema.go:321.42,322.52 1 8
github.com/splunk-terraform/terraform-provider-signalfx/internal/definition/detector/schema.go:322.52,324.6 1 8
github.com/splunk-terraform/terraform-provider-signalfx/internal/definition/detector/schema.go:327.4,334.6 1 8
github.com/splunk-terraform/terraform-provider-signalfx/internal/definition/detector/schema.go:337.3,337.62 1 32
github.com/splunk-terraform/terraform-provider-signalfx/internal/definition/detector/schema.go:340.2,340.66 1 160
github.com/splunk-terraform/terraform-provider-signalfx/internal/definition/detector/v0_state.go:16.33,22.2 1 136
github.com/splunk-terraform/terraform-provider-signalfx/internal/definition/detector/v0_state.go:24.97,27.48 2 24
github.com/splunk-terraform/terraform-provider-signalfx/internal/definition/detector/v0_state.go:27.48,29.17 2 16
github.com/splunk-terraform/terraform-provider-signalfx/internal/definition/detector/v0_state.go:29.17,31.4 1 8
github.com/splunk-terraform/terraform-provider-signalfx/internal/definition/detector/v0_state.go:33.3,33.38 1 8
github.com/splunk-terraform/terraform-provider-signalfx/internal/definition/detector/v0_state.go:36.2,36.19 1 16
github.com/splunk-terraform/terraform-provider-signalfx/internal/definition/dimension/datasource.go:25.39,31.2 1 48
github.com/splunk-terraform/terraform-provider-signalfx/internal/definition/dimension/datasource.go:33.103,35.16 2 40
github.com/splunk-terraform/terraform-provider-signalfx/internal/definition/dimension/datasource.go:35.16,37.3 1 8
github.com/splunk-terraform/terraform-provider-signalfx/internal/definition/dimension/datasource.go:39.2,48.55 2 32
github.com/splunk-terraform/terraform-provider-signalfx/internal/definition/dimension/datasource.go:48.55,57.17 3 32
github.com/splunk-terraform/terraform-provider-signalfx/internal/definition/dimension/datasource.go:57.17,59.4 1 16
github.com/splunk-terraform/terraform-provider-signalfx/internal/definition/dimension/datasource.go:61.3,62.36 2 16
github.com/splunk-terraform/terraform-provider-signalfx/internal/definition/dimension/datasource.go:62.36,63.28 1 32
github.com/splunk-terraform/terraform-provider-signalfx/internal/definition/dimension/datasource.go:63.28,65.5 1 24
github.com/splunk-terraform/terraform-provider-signalfx/internal/definition/dimension/datasource.go:69.2,70.50 2 16
github.com/splunk-terraform/terraform-provider-signalfx/internal/definition/dimension/datasource.go:70.50,72.3 1 0
github.com/splunk-terraform/terraform-provider-signalfx/internal/definition/dimension/datasource.go:74.2,74.19 1 16
github.com/splunk-terraform/terraform-provider-signalfx/internal/definition/dimension/datasource.go:74.19,80.3 1 8
github.com/splunk-terraform/terraform-provider-signalfx/internal/definition/dimension/datasource.go:82.2,82.15 1 16
github.com/splunk-terraform/terraform-provider-signalfx/internal/definition/dimension/schema.go:11.44,39.2 1 48
github.com/splunk-terraform/terraform-provider-signalfx/internal/definition/organization/data_source.go:23.39,29.2 1 48
github.com/splunk-terraform/terraform-provider-signalfx/internal/definition/organization/data_source.go:31.94,33.16 2 32
github.com/splunk-terraform/terraform-provider-signalfx/internal/definition/organization/data_source.go:33.16,35.3 1 8
github.com/splunk-terraform/terraform-provider-signalfx/internal/definition/organization/data_source.go:37.2,43.85 2 24
github.com/splunk-terraform/terraform-provider-signalfx/internal/definition/organization/data_source.go:43.85,45.38 2 24
github.com/splunk-terraform/terraform-provider-signalfx/internal/definition/organization/data_source.go:45.38,47.18 2 32
github.com/splunk-terraform/terraform-provider-signalfx/internal/definition/organization/data_source.go:47.18,49.5 1 8
github.com/splunk-terraform/terraform-provider-signalfx/internal/definition/organization/data_source.go:51.4,51.38 1 24
github.com/splunk-terraform/terraform-provider-signalfx/internal/definition/organization/data_source.go:51.38,54.5 2 16
github.com/splunk-terraform/terraform-provider-signalfx/internal/definition/organization/data_source.go:56.4,56.36 1 24
github.com/splunk-terraform/terraform-provider-signalfx/internal/definition/organization/data_source.go:56.36,57.10 1 16
github.com/splunk-terraform/terraform-provider-signalfx/internal/definition/organization/data_source.go:61.2,63.57 2 16
github.com/splunk-terraform/terraform-provider-signalfx/internal/definition/organization/schema.go:12.44,30.2 1 40
github.com/splunk-terraform/terraform-provider-signalfx/internal/definition/orgtoken/resource.go:22.37,33.2 1 112
github.com/splunk-terraform/terraform-provider-signalfx/internal/definition/orgtoken/resource.go:35.94,37.16 2 24
github.com/splunk-terraform/terraform-provider-signalfx/internal/definition/orgtoken/resource.go:37.16,39.3 1 8
github.com/splunk-terraform/terraform-provider-signalfx/internal/definition/orgtoken/resource.go:41.2,42.16 2 16
github.com/splunk-terraform/terraform-provider-signalfx/internal/definition/orgtoken/resource.go:42.16,44.3 1 8
github.com/splunk-terraform/terraform-provider-signalfx/internal/definition/orgtoken/resource.go:46.2,46.63 1 8
github.com/splunk-terraform/terraform-provider-signalfx/internal/definition/orgtoken/resource.go:49.96,51.16 2 24
github.com/splunk-terraform/terraform-provider-signalfx/internal/definition/orgtoken/resource.go:51.16,53.3 1 8
github.com/splunk-terraform/terraform-provider-signalfx/internal/definition/orgtoken/resource.go:55.2,56.16 2 16
github.com/splunk-terraform/terraform-provider-signalfx/internal/definition/orgtoken/resource.go:56.16,58.3 1 0
github.com/splunk-terraform/terraform-provider-signalfx/internal/definition/orgtoken/resource.go:60.2,69.16 2 16
github.com/splunk-terraform/terraform-provider-signalfx/internal/definition/orgtoken/resource.go:69.16,71.3 1 8
github.com/splunk-terraform/terraform-provider-signalfx/internal/definition/orgtoken/resource.go:73.2,74.12 2 8
github.com/splunk-terraform/terraform-provider-signalfx/internal/definition/orgtoken/resource.go:77.96,79.16 2 24
github.com/splunk-terraform/terraform-provider-signalfx/internal/definition/orgtoken/resource.go:79.16,81.3 1 8
github.com/splunk-terraform/terraform-provider-signalfx/internal/definition/orgtoken/resource.go:83.2,84.16 2 16
github.com/splunk-terraform/terraform-provider-signalfx/internal/definition/orgtoken/resource.go:84.16,86.3 1 0
github.com/splunk-terraform/terraform-provider-signalfx/internal/definition/orgtoken/resource.go:88.2,96.16 2 16
github.com/splunk-terraform/terraform-provider-signalfx/internal/definition/orgtoken/resource.go:96.16,98.3 1 8
github.com/splunk-terraform/terraform-provider-signalfx/internal/definition/orgtoken/resource.go:100.2,100.63 1 8
github.com/splunk-terraform/terraform-provider-signalfx/internal/definition/orgtoken/resource.go:103.96,105.16 2 24
github.com/splunk-terraform/terraform-provider-signalfx/internal/definition/orgtoken/resource.go:105.16,107.3 1 8
github.com/splunk-terraform/terraform-provider-signalfx/internal/definition/orgtoken/resource.go:109.2,110.16 2 16
github.com/splunk-terraform/terraform-provider-signalfx/internal/definition/orgtoken/resource.go:110.16,112.3 1 8
github.com/splunk-terraform/terraform-provider-signalfx/internal/definition/orgtoken/resource.go:114.2,114.69 1 16
github.com/splunk-terraform/terraform-provider-signalfx/internal/definition/orgtoken/schema.go:17.44,142.2 1 160
github.com/splunk-terraform/terraform-provider-signalfx/internal/definition/orgtoken/schema.go:144.74,153.49 2 96
github.com/splunk-terraform/terraform-provider-signalfx/internal/definition/orgtoken/schema.go:153.49,154.40 1 16
github.com/splunk-terraform/terraform-provider-signalfx/internal/definition/orgtoken/schema.go:154.40,156.4 1 16
github.com/splunk-terraform/terraform-provider-signalfx/internal/definition/orgtoken/schema.go:159.2,159.51 1 96
github.com/splunk-terraform/terraform-provider-signalfx/internal/definition/orgtoken/schema.go:159.51,161.17 2 16
github.com/splunk-terraform/terraform-provider-signalfx/internal/definition/orgtoken/schema.go:161.17,163.4 1 8
github.com/splunk-terraform/terraform-provider-signalfx/internal/definition/orgtoken/schema.go:164.3,164.32 1 8
github.com/splunk-terraform/terraform-provider-signalfx/internal/definition/orgtoken/schema.go:167.2,167.53 1 88
github.com/splunk-terraform/terraform-provider-signalfx/internal/definition/orgtoken/schema.go:167.53,181.3 3 8
github.com/splunk-terraform/terraform-provider-signalfx/internal/definition/orgtoken/schema.go:183.2,183.48 1 88
github.com/splunk-terraform/terraform-provider-signalfx/internal/definition/orgtoken/schema.go:183.48,187.64 3 8
github.com/splunk-terraform/terraform-provider-signalfx/internal/definition/orgtoken/schema.go:187.64,190.4 1 8
github.com/splunk-terraform/terraform-provider-signalfx/internal/definition/orgtoken/schema.go:193.2,193.19 1 88
github.com/splunk-terraform/terraform-provider-signalfx/internal/definition/orgtoken/schema.go:196.78,198.16 2 144
github.com/splunk-terraform/terraform-provider-signalfx/internal/definition/orgtoken/schema.go:198.16,200.3 1 8
github.com/splunk-terraform/terraform-provider-signalfx/internal/definition/orgtoken/schema.go:202.2,212.43 2 136
github.com/splunk-terraform/terraform-provider-signalfx/internal/definition/orgtoken/schema.go:212.43,213.10 1 16
github.com/splunk-terraform/terraform-provider-signalfx/internal/definition/orgtoken/schema.go:214.36,221.6 2 8
github.com/splunk-terraform/terraform-provider-signalfx/internal/definition/orgtoken/schema.go:221.6,222.33 1 32
github.com/splunk-terraform/terraform-provider-signalfx/internal/definition/orgtoken/schema.go:222.33,224.6 1 8
github.com/splunk-terraform/terraform-provider-signalfx/internal/definition/orgtoken/schema.go:226.4,226.51 1 8
github.com/splunk-terraform/terraform-provider-signalfx/internal/definition/orgtoken/schema.go:226.51,232.7 1 8
github.com/splunk-terraform/terraform-provider-signalfx/internal/definition/orgtoken/schema.go:232.7,233.34 1 32
github.com/splunk-terraform/terraform-provider-signalfx/internal/definition/orgtoken/schema.go:233.34,235.7 1 8
github.com/splunk-terraform/terraform-provider-signalfx/internal/definition/orgtoken/schema.go:238.4,238.23 1 8
github.com/splunk-terraform/terraform-provider-signalfx/internal/definition/orgtoken/schema.go:238.23,240.5 1 8
github.com/splunk-terraform/terraform-provider-signalfx/internal/definition/orgtoken/schema.go:241.31,245.46 2 8
github.com/splunk-terraform/terraform-provider-signalfx/internal/definition/orgtoken/schema.go:245.46,247.5 1 8
github.com/splunk-terraform/terraform-provider-signalfx/internal/definition/orgtoken/schema.go:248.4,248.82 1 8
github.com/splunk-terraform/terraform-provider-signalfx/internal/definition/orgtoken/schema.go:252.2,252.13 1 136
github.com/splunk-terraform/terraform-provider-signalfx/internal/definition/orgtoken/schema.go:255.35,255.53 1 64
github.com/splunk-terraform/terraform-provider-signalfx/internal/definition/provider/provider.go:35.29,138.2 1 56
github.com/splunk-terraform/terraform-provider-signalfx/internal/definition/provider/provider.go:140.96,149.59 2 40
github.com/splunk-terraform/terraform-provider-signalfx/internal/definition/provider/provider.go:149.59,150.46 1 120
github.com/splunk-terraform/terraform-provider-signalfx/internal/definition/provider/provider.go:150.46,156.4 1 80
github.com/splunk-terraform/terraform-provider-signalfx/internal/definition/provider/provider.go:159.2,159.47 1 40
github.com/splunk-terraform/terraform-provider-signalfx/internal/definition/provider/provider.go:159.47,161.3 1 32
github.com/splunk-terraform/terraform-provider-signalfx/internal/definition/provider/provider.go:162.2,162.42 1 40
github.com/splunk-terraform/terraform-provider-signalfx/internal/definition/provider/provider.go:162.42,164.3 1 40
github.com/splunk-terraform/terraform-provider-signalfx/internal/definition/provider/provider.go:165.2,165.49 1 40
github.com/splunk-terraform/terraform-provider-signalfx/internal/definition/provider/provider.go:165.49,167.3 1 40
github.com/splunk-terraform/terraform-provider-signalfx/internal/definition/provider/provider.go:169.2,170.16 2 40
github.com/splunk-terraform/terraform-provider-signalfx/internal/definition/provider/provider.go:170.16,172.3 1 8
github.com/splunk-terraform/terraform-provider-signalfx/internal/definition/provider/provider.go:174.2,182.16 3 32
github.com/splunk-terraform/terraform-provider-signalfx/internal/definition/provider/provider.go:182.16,184.3 1 0
github.com/splunk-terraform/terraform-provider-signalfx/internal/definition/provider/provider.go:186.2,206.16 8 32
github.com/splunk-terraform/terraform-provider-signalfx/internal/definition/provider/provider.go:206.16,208.3 1 0
github.com/splunk-terraform/terraform-provider-signalfx/internal/definition/provider/provider.go:210.2,217.70 2 32
github.com/splunk-terraform/terraform-provider-signalfx/internal/definition/provider/provider.go:217.70,218.95 1 24
github.com/splunk-terraform/terraform-provider-signalfx/internal/definition/provider/provider.go:218.95,220.4 1 8
github.com/splunk-terraform/terraform-provider-signalfx/internal/definition/provider/provider.go:223.2,223.113 1 24
github.com/splunk-terraform/terraform-provider-signalfx/internal/definition/provider/provider.go:223.113,225.17 2 8
github.com/splunk-terraform/terraform-provider-signalfx/internal/definition/provider/provider.go:225.17,227.4 1 0
github.com/splunk-terraform/terraform-provider-signalfx/internal/definition/provider/provider.go:227.9,229.4 1 8
github.com/splunk-terraform/terraform-provider-signalfx/internal/definition/provider/provider.go:232.2,232.18 1 24
github.com/splunk-terraform/terraform-provider-signalfx/internal/definition/rule/encoding.go:16.73,18.9 2 24
github.com/splunk-terraform/terraform-provider-signalfx/internal/definition/rule/encoding.go:18.9,20.3 1 8
github.com/splunk-terraform/terraform-provider-signalfx/internal/definition/rule/encoding.go:21.2,22.31 2 16
github.com/splunk-terraform/terraform-provider-signalfx/internal/definition/rule/encoding.go:22.31,34.49 3 8
github.com/splunk-terraform/terraform-provider-signalfx/internal/definition/rule/encoding.go:34.49,36.18 2 8
github.com/splunk-terraform/terraform-provider-signalfx/internal/definition/rule/encoding.go:36.18,38.5 1 0
github.com/splunk-terraform/terraform-provider-signalfx/internal/definition/rule/encoding.go:39.4,39.32 1 8
github.com/splunk-terraform/terraform-provider-signalfx/internal/definition/rule/encoding.go:41.3,41.30 1 8
github.com/splunk-terraform/terraform-provider-signalfx/internal/definition/rule/encoding.go:43.2,43.19 1 16
github.com/splunk-terraform/terraform-provider-signalfx/internal/definition/rule/encoding.go:46.77,47.21 1 32
github.com/splunk-terraform/terraform-provider-signalfx/internal/definition/rule/encoding.go:47.21,49.3 1 8
github.com/splunk-terraform/terraform-provider-signalfx/internal/definition/rule/encoding.go:51.2,52.26 2 24
github.com/splunk-terraform/terraform-provider-signalfx/internal/definition/rule/encoding.go:52.26,54.17 2 24
github.com/splunk-terraform/terraform-provider-signalfx/internal/definition/rule/encoding.go:54.17,56.4 1 8
github.com/splunk-terraform/terraform-provider-signalfx/internal/definition/rule/encoding.go:57.3,67.5 1 16
github.com/splunk-terraform/terraform-provider-signalfx/internal/definition/rule/encoding.go:70.2,70.30 1 16
github.com/splunk-terraform/terraform-provider-signalfx/internal/definition/rule/schema.go:18.44,98.2 1 40
github.com/splunk-terraform/terraform-provider-signalfx/internal/definition/rule/schema.go:100.22,111.4 2 48
github.com/splunk-terraform/terraform-provider-signalfx/internal/definition/rule/schema.go:111.4,113.3 1 192
github.com/splunk-terraform/terraform-provider-signalfx/internal/definition/rule/schema.go:115.2,120.4 1 48
github.com/splunk-terraform/terraform-provider-signalfx/internal/definition/rule/schema.go:120.4,121.31 1 192
github.com/splunk-terraform/terraform-provider-signalfx/internal/definition/rule/schema.go:121.31,123.4 1 128
github.com/splunk-terraform/terraform-provider-signalfx/internal/definition/rule/schema.go:126.2,126.54 1 48
github.com/splunk-terraform/terraform-provider-signalfx/internal/definition/rule/schema.go:126.54,127.47 1 32
github.com/splunk-terraform/terraform-provider-signalfx/internal/definition/rule/schema.go:127.47,129.4 1 8
github.com/splunk-terraform/terraform-provider-signalfx/internal/definition/rule/schema.go:131.3,131.29 1 32
github.com/splunk-terraform/terraform-provider-signalfx/internal/definition/rule/schema.go:131.29,133.4 1 40
github.com/splunk-terraform/terraform-provider-signalfx/internal/definition/rule/schema.go:136.2,136.64 1 48
github.com/splunk-terraform/terraform-provider-signalfx/internal/definition/rule/schema.go:136.64,137.25 1 32
github.com/splunk-terraform/terraform-provider-signalfx/internal/definition/rule/schema.go:137.25,142.4 4 8
github.com/splunk-terraform/terraform-provider-signalfx/internal/definition/rule/schema.go:148.2,149.14 2 48
github.com/splunk-terraform/terraform-provider-signalfx/internal/definition/rule/schema.go:149.14,151.3 1 0
github.com/splunk-terraform/terraform-provider-signalfx/internal/definition/rule/schema.go:152.2,152.13 1 48
github.com/splunk-terraform/terraform-provider-signalfx/internal/definition/team/resource.go:23.37,35.2 1 128
github.com/splunk-terraform/terraform-provider-signalfx/internal/definition/team/resource.go:37.51,38.87 1 128
github.com/splunk-terraform/terraform-provider-signalfx/internal/definition/team/resource.go:38.87,40.17 2 32
github.com/splunk-terraform/terraform-provider-signalfx/internal/definition/team/resource.go:40.17,42.4 1 0
github.com/splunk-terraform/terraform-provider-signalfx/internal/definition/team/resource.go:43.3,44.17 2 32
github.com/splunk-terraform/terraform-provider-signalfx/internal/definition/team/resource.go:44.17,46.4 1 8
github.com/splunk-terraform/terraform-provider-signalfx/internal/definition/team/resource.go:47.3,53.46 2 24
github.com/splunk-terraform/terraform-provider-signalfx/internal/definition/team/resource.go:53.46,55.4 1 8
github.com/splunk-terraform/terraform-provider-signalfx/internal/definition/team/resource.go:57.3,61.92 2 16
github.com/splunk-terraform/terraform-provider-signalfx/internal/definition/team/resource.go:61.92,63.4 1 0
github.com/splunk-terraform/terraform-provider-signalfx/internal/definition/team/resource.go:65.3,65.47 1 16
github.com/splunk-terraform/terraform-provider-signalfx/internal/definition/team/resource.go:69.47,70.87 1 128
github.com/splunk-terraform/terraform-provider-signalfx/internal/definition/team/resource.go:70.87,72.17 2 32
github.com/splunk-terraform/terraform-provider-signalfx/internal/definition/team/resource.go:72.17,74.4 1 8
github.com/splunk-terraform/terraform-provider-signalfx/internal/definition/team/resource.go:76.3,77.46 2 24
github.com/splunk-terraform/terraform-provider-signalfx/internal/definition/team/resource.go:77.46,79.4 1 8
github.com/splunk-terraform/terraform-provider-signalfx/internal/definition/team/resource.go:81.3,83.92 2 16
github.com/splunk-terraform/terraform-provider-signalfx/internal/definition/team/resource.go:83.92,85.4 1 0
github.com/splunk-terraform/terraform-provider-signalfx/internal/definition/team/resource.go:87.3,87.47 1 16
github.com/splunk-terraform/terraform-provider-signalfx/internal/definition/team/resource.go:91.51,92.87 1 128
github.com/splunk-terraform/terraform-provider-signalfx/internal/definition/team/resource.go:92.87,94.17 2 24
github.com/splunk-terraform/terraform-provider-signalfx/internal/definition/team/resource.go:94.17,96.4 1 0
github.com/splunk-terraform/terraform-provider-signalfx/internal/definition/team/resource.go:98.3,99.17 2 24
github.com/splunk-terraform/terraform-provider-signalfx/internal/definition/team/resource.go:99.17,101.4 1 8
github.com/splunk-terraform/terraform-provider-signalfx/internal/definition/team/resource.go:103.3,109.46 2 16
github.com/splunk-terraform/terraform-provider-signalfx/internal/definition/team/resource.go:109.46,111.4 1 8
github.com/splunk-terraform/terraform-provider-signalfx/internal/definition/team/resource.go:113.3,113.92 1 8
github.com/splunk-terraform/terraform-provider-signalfx/internal/definition/team/resource.go:113.92,115.4 1 0
github.com/splunk-terraform/terraform-provider-signalfx/internal/definition/team/resource.go:117.3,119.47 2 8
github.com/splunk-terraform/terraform-provider-signalfx/internal/definition/team/resource.go:123.51,124.87 1 128
github.com/splunk-terraform/terraform-provider-signalfx/internal/definition/team/resource.go:124.87,126.17 2 24
github.com/splunk-terraform/terraform-provider-signalfx/internal/definition/team/resource.go:126.17,128.4 1 8
github.com/splunk-terraform/terraform-provider-signalfx/internal/definition/team/resource.go:129.3,135.27 3 16
github.com/splunk-terraform/terraform-provider-signalfx/internal/definition/team/schema.go:15.44,93.2 1 136
github.com/splunk-terraform/terraform-provider-signalfx/internal/definition/team/schema.go:95.67,102.59 2 120
github.com/splunk-terraform/terraform-provider-signalfx/internal/definition/team/schema.go:102.59,104.3 1 80
github.com/splunk-terraform/terraform-provider-signalfx/internal/definition/team/schema.go:105.2,112.4 1 120
github.com/splunk-terraform/terraform-provider-signalfx/internal/definition/team/schema.go:112.4,113.58 1 695
github.com/splunk-terraform/terraform-provider-signalfx/internal/definition/team/schema.go:113.58,116.18 3 32
github.com/splunk-terraform/terraform-provider-signalfx/internal/definition/team/schema.go:116.18,118.5 1 8
github.com/splunk-terraform/terraform-provider-signalfx/internal/definition/team/schema.go:121.2,121.15 1 112
github.com/splunk-terraform/terraform-provider-signalfx/internal/definition/team/schema.go:124.68,126.48 2 192
github.com/splunk-terraform/terraform-provider-signalfx/internal/definition/team/schema.go:126.48,128.3 1 8
github.com/splunk-terraform/terraform-provider-signalfx/internal/definition/team/schema.go:129.2,129.62 1 184
github.com/splunk-terraform/terraform-provider-signalfx/internal/definition/team/schema.go:129.62,131.3 1 8
github.com/splunk-terraform/terraform-provider-signalfx/internal/definition/team/schema.go:133.2,133.33 1 176
github.com/splunk-terraform/terraform-provider-signalfx/internal/definition/team/schema.go:133.33,135.32 2 40
github.com/splunk-terraform/terraform-provider-signalfx/internal/definition/team/schema.go:135.32,137.4 1 96
github.com/splunk-terraform/terraform-provider-signalfx/internal/definition/team/schema.go:138.3,138.86 1 40
github.com/splunk-terraform/terraform-provider-signalfx/internal/definition/team/schema.go:138.86,140.4 1 8
github.com/splunk-terraform/terraform-provider-signalfx/internal/definition/team/schema.go:143.2,150.4 1 168
github.com/splunk-terraform/terraform-provider-signalfx/internal/definition/team/schema.go:150.4,151.23 1 954
github.com/splunk-terraform/terraform-provider-signalfx/internal/definition/team/schema.go:151.23,152.12 1 914
github.com/splunk-terraform/terraform-provider-signalfx/internal/definition/team/schema.go:154.3,155.28 2 40
github.com/splunk-terraform/terraform-provider-signalfx/internal/definition/team/schema.go:155.28,157.18 2 40
github.com/splunk-terraform/terraform-provider-signalfx/internal/definition/team/schema.go:157.18,159.5 1 8
github.com/splunk-terraform/terraform-provider-signalfx/internal/definition/team/schema.go:160.4,160.16 1 32
github.com/splunk-terraform/terraform-provider-signalfx/internal/definition/team/schema.go:163.3,163.45 1 32
github.com/splunk-terraform/terraform-provider-signalfx/internal/definition/team/schema.go:163.45,165.4 1 8
github.com/splunk-terraform/terraform-provider-signalfx/internal/definition/team/schema.go:167.2,167.12 1 152
github.com/splunk-terraform/terraform-provider-signalfx/internal/feature/global.go:18.36,19.19 1 40
github.com/splunk-terraform/terraform-provider-signalfx/internal/feature/global.go:19.19,20.18 1 8
github.com/splunk-terraform/terraform-provider-signalfx/internal/feature/global.go:20.18,22.4 1 8
github.com/splunk-terraform/terraform-provider-signalfx/internal/feature/global.go:24.2,24.15 1 40
github.com/splunk-terraform/terraform-provider-signalfx/internal/feature/preview.go:33.58,38.27 2 136
github.com/splunk-terraform/terraform-provider-signalfx/internal/feature/preview.go:38.27,39.38 1 64
github.com/splunk-terraform/terraform-provider-signalfx/internal/feature/preview.go:39.38,41.4 1 8
github.com/splunk-terraform/terraform-provider-signalfx/internal/feature/preview.go:44.2,44.15 1 128
github.com/splunk-terraform/terraform-provider-signalfx/internal/feature/preview.go:47.67,49.14 2 16
github.com/splunk-terraform/terraform-provider-signalfx/internal/feature/preview.go:49.14,53.3 1 8
github.com/splunk-terraform/terraform-provider-signalfx/internal/feature/preview.go:53.8,55.3 1 8
github.com/splunk-terraform/terraform-provider-signalfx/internal/feature/preview.go:56.2,56.11 1 16
github.com/splunk-terraform/terraform-provider-signalfx/internal/feature/preview.go:59.33,61.2 1 48
github.com/splunk-terraform/terraform-provider-signalfx/internal/feature/preview.go:63.43,65.2 1 24
github.com/splunk-terraform/terraform-provider-signalfx/internal/feature/preview.go:67.41,69.2 1 32
github.com/splunk-terraform/terraform-provider-signalfx/internal/feature/preview.go:71.39,73.2 1 24
github.com/splunk-terraform/terraform-provider-signalfx/internal/feature/preview.go:75.38,77.2 1 24
github.com/splunk-terraform/terraform-provider-signalfx/internal/feature/preview_option.go:14.49,15.15 1 112
github.com/splunk-terraform/terraform-provider-signalfx/internal/feature/preview_option.go:15.15,17.3 1 8
github.com/splunk-terraform/terraform-provider-signalfx/internal/feature/preview_option.go:18.2,18.14 1 104
github.com/splunk-terraform/terraform-provider-signalfx/internal/feature/preview_option.go:21.49,22.32 1 16
github.com/splunk-terraform/terraform-provider-signalfx/internal/feature/preview_option.go:22.32,26.3 3 16
github.com/splunk-terraform/terraform-provider-signalfx/internal/feature/preview_option.go:29.60,30.32 1 40
github.com/splunk-terraform/terraform-provider-signalfx/internal/feature/preview_option.go:30.32,32.17 2 40
github.com/splunk-terraform/terraform-provider-signalfx/internal/feature/preview_option.go:32.17,34.4 1 0
github.com/splunk-terraform/terraform-provider-signalfx/internal/feature/preview_option.go:35.3,35.15 1 40
github.com/splunk-terraform/terraform-provider-signalfx/internal/feature/preview_option.go:35.15,37.4 1 8
github.com/splunk-terraform/terraform-provider-signalfx/internal/feature/preview_option.go:38.3,39.13 2 32
github.com/splunk-terraform/terraform-provider-signalfx/internal/feature/preview_option.go:43.63,44.32 1 48
github.com/splunk-terraform/terraform-provider-signalfx/internal/feature/preview_option.go:44.32,45.24 1 48
github.com/splunk-terraform/terraform-provider-signalfx/internal/feature/preview_option.go:45.24,47.4 1 16
github.com/splunk-terraform/terraform-provider-signalfx/internal/feature/preview_option.go:48.3,49.13 2 32
github.com/splunk-terraform/terraform-provider-signalfx/internal/feature/registry.go:22.30,24.2 1 120
github.com/splunk-terraform/terraform-provider-signalfx/internal/feature/registry.go:26.54,27.49 1 24
github.com/splunk-terraform/terraform-provider-signalfx/internal/feature/registry.go:27.49,28.46 1 24
github.com/splunk-terraform/terraform-provider-signalfx/internal/feature/registry.go:28.46,30.4 1 24
github.com/splunk-terraform/terraform-provider-signalfx/internal/feature/registry.go:34.89,36.9 2 24
github.com/splunk-terraform/terraform-provider-signalfx/internal/feature/registry.go:36.9,38.3 1 8
github.com/splunk-terraform/terraform-provider-signalfx/internal/feature/registry.go:40.2,40.25 1 16
github.com/splunk-terraform/terraform-provider-signalfx/internal/feature/registry.go:40.25,51.3 1 8
github.com/splunk-terraform/terraform-provider-signalfx/internal/feature/registry.go:53.2,62.12 3 16
github.com/splunk-terraform/terraform-provider-signalfx/internal/feature/registry.go:65.54,66.40 1 136
github.com/splunk-terraform/terraform-provider-signalfx/internal/feature/registry.go:66.40,68.3 1 24
github.com/splunk-terraform/terraform-provider-signalfx/internal/feature/registry.go:69.2,69.19 1 112
github.com/splunk-terraform/terraform-provider-signalfx/internal/feature/registry.go:72.88,74.16 2 136
github.com/splunk-terraform/terraform-provider-signalfx/internal/feature/registry.go:74.16,77.3 1 0
github.com/splunk-terraform/terraform-provider-signalfx/internal/feature/registry.go:79.2,79.14 1 136
github.com/splunk-terraform/terraform-provider-signalfx/internal/feature/registry.go:79.14,81.3 1 16
github.com/splunk-terraform/terraform-provider-signalfx/internal/feature/registry.go:83.2,84.16 2 120
github.com/splunk-terraform/terraform-provider-signalfx/internal/feature/registry.go:84.16,86.3 1 8
github.com/splunk-terraform/terraform-provider-signalfx/internal/feature/registry.go:88.2,88.35 1 112
github.com/splunk-terraform/terraform-provider-signalfx/internal/feature/registry.go:88.35,90.3 1 8
github.com/splunk-terraform/terraform-provider-signalfx/internal/feature/registry.go:92.2,94.15 2 104
github.com/splunk-terraform/terraform-provider-signalfx/internal/feature/registry.go:97.83,99.16 2 56
github.com/splunk-terraform/terraform-provider-signalfx/internal/feature/registry.go:99.16,100.13 1 16
github.com/splunk-terraform/terraform-provider-signalfx/internal/feature/registry.go:102.2,102.10 1 40
[...]
github.com/splunk-terraform/terraform-provider-signalfx/signalfx/resource_signalfx_time_chart.go:893.84,895.5 1 0
github.com/splunk-terraform/terraform-provider-signalfx/signalfx/resource_signalfx_time_chart.go:897.3,897.91 1 0
github.com/splunk-terraform/terraform-provider-signalfx/signalfx/resource_signalfx_time_chart.go:897.91,899.4 1 0
github.com/splunk-terraform/terraform-provider-signalfx/signalfx/resource_signalfx_time_chart.go:900.3,900.76 1 0
github.com/splunk-terraform/terraform-provider-signalfx/signalfx/resource_signalfx_time_chart.go:900.76,902.4 1 0
github.com/splunk-terraform/terraform-provider-signalfx/signalfx/resource_signalfx_time_chart.go:905.2,905.25 1 0
github.com/splunk-terraform/terraform-provider-signalfx/signalfx/resource_signalfx_time_chart.go:905.25,906.38 1 0
github.com/splunk-terraform/terraform-provider-signalfx/signalfx/resource_signalfx_time_chart.go:906.38,907.33 1 0
github.com/splunk-terraform/terraform-provider-signalfx/signalfx/resource_signalfx_time_chart.go:907.33,908.73 1 0
github.com/splunk-terraform/terraform-provider-signalfx/signalfx/resource_signalfx_time_chart.go:908.73,910.6 1 0
github.com/splunk-terraform/terraform-provider-signalfx/signalfx/resource_signalfx_time_chart.go:912.9,913.33 1 0
github.com/splunk-terraform/terraform-provider-signalfx/signalfx/resource_signalfx_time_chart.go:913.33,914.73 1 0
github.com/splunk-terraform/terraform-provider-signalfx/signalfx/resource_signalfx_time_chart.go:914.73,916.6 1 0
github.com/splunk-terraform/terraform-provider-signalfx/signalfx/resource_signalfx_time_chart.go:918.4,918.31 1 0
github.com/splunk-terraform/terraform-provider-signalfx/signalfx/resource_signalfx_time_chart.go:918.31,919.69 1 0
github.com/splunk-terraform/terraform-provider-signalfx/signalfx/resource_signalfx_time_chart.go:919.69,921.6 1 0
github.com/splunk-terraform/terraform-provider-signalfx/signalfx/resource_signalfx_time_chart.go:926.2,926.42 1 0
github.com/splunk-terraform/terraform-provider-signalfx/signalfx/resource_signalfx_time_chart.go:926.42,928.51 2 0
github.com/splunk-terraform/terraform-provider-signalfx/signalfx/resource_signalfx_time_chart.go:928.51,930.18 2 0
github.com/splunk-terraform/terraform-provider-signalfx/signalfx/resource_signalfx_time_chart.go:930.18,932.5 1 0
github.com/splunk-terraform/terraform-provider-signalfx/signalfx/resource_signalfx_time_chart.go:933.4,933.16 1 0
github.com/splunk-terraform/terraform-provider-signalfx/signalfx/resource_signalfx_time_chart.go:935.3,935.52 1 0
github.com/splunk-terraform/terraform-provider-signalfx/signalfx/resource_signalfx_time_chart.go:935.52,937.4 1 0
github.com/splunk-terraform/terraform-provider-signalfx/signalfx/resource_signalfx_time_chart.go:940.2,940.47 1 0
github.com/splunk-terraform/terraform-provider-signalfx/signalfx/resource_signalfx_time_chart.go:940.47,942.57 2 0
github.com/splunk-terraform/terraform-provider-signalfx/signalfx/resource_signalfx_time_chart.go:942.57,944.32 2 0
github.com/splunk-terraform/terraform-provider-signalfx/signalfx/resource_signalfx_time_chart.go:944.32,948.12 3 0
github.com/splunk-terraform/terraform-provider-signalfx/signalfx/resource_signalfx_time_chart.go:948.12,950.6 1 0
github.com/splunk-terraform/terraform-provider-signalfx/signalfx/resource_signalfx_time_chart.go:952.5,952.14 1 0
github.com/splunk-terraform/terraform-provider-signalfx/signalfx/resource_signalfx_time_chart.go:954.4,958.5 1 0
github.com/splunk-terraform/terraform-provider-signalfx/signalfx/resource_signalfx_time_chart.go:960.3,960.55 1 0
github.com/splunk-terraform/terraform-provider-signalfx/signalfx/resource_signalfx_time_chart.go:960.55,962.4 1 0
github.com/splunk-terraform/terraform-provider-signalfx/signalfx/resource_signalfx_time_chart.go:965.2,965.75 1 0
github.com/splunk-terraform/terraform-provider-signalfx/signalfx/resource_signalfx_time_chart.go:965.75,967.51 2 0
github.com/splunk-terraform/terraform-provider-signalfx/signalfx/resource_signalfx_time_chart.go:967.51,972.4 1 0
github.com/splunk-terraform/terraform-provider-signalfx/signalfx/resource_signalfx_time_chart.go:973.3,973.64 1 0
github.com/splunk-terraform/terraform-provider-signalfx/signalfx/resource_signalfx_time_chart.go:973.64,975.4 1 0
github.com/splunk-terraform/terraform-provider-signalfx/signalfx/resource_signalfx_time_chart.go:978.2,978.41 1 0
github.com/splunk-terraform/terraform-provider-signalfx/signalfx/resource_signalfx_time_chart.go:978.41,983.73 4 0
github.com/splunk-terraform/terraform-provider-signalfx/signalfx/resource_signalfx_time_chart.go:983.73,985.4 1 0
github.com/splunk-terraform/terraform-provider-signalfx/signalfx/resource_signalfx_time_chart.go:985.9,985.58 1 0
github.com/splunk-terraform/terraform-provider-signalfx/signalfx/resource_signalfx_time_chart.go:985.58,987.4 1 0
github.com/splunk-terraform/terraform-provider-signalfx/signalfx/resource_signalfx_time_chart.go:988.3,988.78 1 0
github.com/splunk-terraform/terraform-provider-signalfx/signalfx/resource_signalfx_time_chart.go:988.78,990.4 1 0
github.com/splunk-terraform/terraform-provider-signalfx/signalfx/resource_signalfx_time_chart.go:993.2,993.12 1 0
github.com/splunk-terraform/terraform-provider-signalfx/signalfx/resource_signalfx_time_chart.go:996.60,997.17 1 0
github.com/splunk-terraform/terraform-provider-signalfx/signalfx/resource_signalfx_time_chart.go:997.17,1000.32 2 0
github.com/splunk-terraform/terraform-provider-signalfx/signalfx/resource_signalfx_time_chart.go:1000.32,1002.4 1 0
github.com/splunk-terraform/terraform-provider-signalfx/signalfx/resource_signalfx_time_chart.go:1003.3,1004.31 2 0
github.com/splunk-terraform/terraform-provider-signalfx/signalfx/resource_signalfx_time_chart.go:1004.31,1006.4 1 0
github.com/splunk-terraform/terraform-provider-signalfx/signalfx/resource_signalfx_time_chart.go:1007.3,1008.22 2 0
github.com/splunk-terraform/terraform-provider-signalfx/signalfx/resource_signalfx_time_chart.go:1008.22,1010.4 1 0
github.com/splunk-terraform/terraform-provider-signalfx/signalfx/resource_signalfx_time_chart.go:1011.3,1012.22 2 0
github.com/splunk-terraform/terraform-provider-signalfx/signalfx/resource_signalfx_time_chart.go:1012.22,1014.4 1 0
github.com/splunk-terraform/terraform-provider-signalfx/signalfx/resource_signalfx_time_chart.go:1016.3,1026.4 1 0
github.com/splunk-terraform/terraform-provider-signalfx/signalfx/resource_signalfx_time_chart.go:1028.2,1028.12 1 0
github.com/splunk-terraform/terraform-provider-signalfx/signalfx/resource_signalfx_time_chart.go:1032.106,1034.33 2 0
github.com/splunk-terraform/terraform-provider-signalfx/signalfx/resource_signalfx_time_chart.go:1034.33,1038.10 3 0
github.com/splunk-terraform/terraform-provider-signalfx/signalfx/resource_signalfx_time_chart.go:1038.10,1040.4 1 0
github.com/splunk-terraform/terraform-provider-signalfx/signalfx/resource_signalfx_time_chart.go:1042.3,1042.12 1 0
github.com/splunk-terraform/terraform-provider-signalfx/signalfx/resource_signalfx_time_chart.go:1045.2,1052.8 1 0
github.com/splunk-terraform/terraform-provider-signalfx/signalfx/resource_signalfx_time_chart.go:1055.99,1057.33 2 0
github.com/splunk-terraform/terraform-provider-signalfx/signalfx/resource_signalfx_time_chart.go:1057.33,1061.10 3 0
github.com/splunk-terraform/terraform-provider-signalfx/signalfx/resource_signalfx_time_chart.go:1061.10,1063.4 1 0
github.com/splunk-terraform/terraform-provider-signalfx/signalfx/resource_signalfx_time_chart.go:1065.3,1065.12 1 0
github.com/splunk-terraform/terraform-provider-signalfx/signalfx/resource_signalfx_time_chart.go:1067.2,1068.24 2 0
github.com/splunk-terraform/terraform-provider-signalfx/signalfx/resource_signalfx_time_chart.go:1068.24,1070.3 1 0
github.com/splunk-terraform/terraform-provider-signalfx/signalfx/resource_signalfx_time_chart.go:1072.2,1081.8 1 0
github.com/splunk-terraform/terraform-provider-signalfx/signalfx/resource_signalfx_time_chart.go:1084.70,1094.16 5 0
github.com/splunk-terraform/terraform-provider-signalfx/signalfx/resource_signalfx_time_chart.go:1094.16,1096.3 1 0
github.com/splunk-terraform/terraform-provider-signalfx/signalfx/resource_signalfx_time_chart.go:1097.2,1101.16 3 0
github.com/splunk-terraform/terraform-provider-signalfx/signalfx/resource_signalfx_time_chart.go:1101.16,1103.3 1 0
github.com/splunk-terraform/terraform-provider-signalfx/signalfx/resource_signalfx_time_chart.go:1104.2,1104.45 1 0
github.com/splunk-terraform/terraform-provider-signalfx/signalfx/resource_signalfx_time_chart.go:1104.45,1106.3 1 0
github.com/splunk-terraform/terraform-provider-signalfx/signalfx/resource_signalfx_time_chart.go:1107.2,1108.31 2 0
github.com/splunk-terraform/terraform-provider-signalfx/signalfx/resource_signalfx_time_chart.go:1111.70,1115.2 2 0
github.com/splunk-terraform/terraform-provider-signalfx/signalfx/resource_signalfx_victor_ops_integration.go:17.54,45.2 1 88
github.com/splunk-terraform/terraform-provider-signalfx/signalfx/resource_signalfx_victor_ops_integration.go:47.95,54.2 1 0
github.com/splunk-terraform/terraform-provider-signalfx/signalfx/resource_signalfx_victor_ops_integration.go:56.79,59.16 3 0
github.com/splunk-terraform/terraform-provider-signalfx/signalfx/resource_signalfx_victor_ops_integration.go:59.16,60.43 1 0
github.com/splunk-terraform/terraform-provider-signalfx/signalfx/resource_signalfx_victor_ops_integration.go:60.43,62.4 1 0
github.com/splunk-terraform/terraform-provider-signalfx/signalfx/resource_signalfx_victor_ops_integration.go:63.3,63.13 1 0
github.com/splunk-terraform/terraform-provider-signalfx/signalfx/resource_signalfx_victor_ops_integration.go:66.2,66.44 1 0
github.com/splunk-terraform/terraform-provider-signalfx/signalfx/resource_signalfx_victor_ops_integration.go:69.102,73.47 3 0
github.com/splunk-terraform/terraform-provider-signalfx/signalfx/resource_signalfx_victor_ops_integration.go:73.47,75.3 1 0
github.com/splunk-terraform/terraform-provider-signalfx/signalfx/resource_signalfx_victor_ops_integration.go:76.2,76.53 1 0
github.com/splunk-terraform/terraform-provider-signalfx/signalfx/resource_signalfx_victor_ops_integration.go:76.53,78.3 1 0
github.com/splunk-terraform/terraform-provider-signalfx/signalfx/resource_signalfx_victor_ops_integration.go:80.2,80.12 1 0
github.com/splunk-terraform/terraform-provider-signalfx/signalfx/resource_signalfx_victor_ops_integration.go:83.81,91.16 6 0
github.com/splunk-terraform/terraform-provider-signalfx/signalfx/resource_signalfx_victor_ops_integration.go:91.16,92.42 1 0
github.com/splunk-terraform/terraform-provider-signalfx/signalfx/resource_signalfx_victor_ops_integration.go:92.42,94.4 1 0
github.com/splunk-terraform/terraform-provider-signalfx/signalfx/resource_signalfx_victor_ops_integration.go:95.3,95.13 1 0
github.com/splunk-terraform/terraform-provider-signalfx/signalfx/resource_signalfx_victor_ops_integration.go:97.2,99.44 2 0
github.com/splunk-terraform/terraform-provider-signalfx/signalfx/resource_signalfx_victor_ops_integration.go:102.81,110.16 6 0
github.com/splunk-terraform/terraform-provider-signalfx/signalfx/resource_signalfx_victor_ops_integration.go:110.16,111.42 1 0
github.com/splunk-terraform/terraform-provider-signalfx/signalfx/resource_signalfx_victor_ops_integration.go:111.42,113.4 1 0
github.com/splunk-terraform/terraform-provider-signalfx/signalfx/resource_signalfx_victor_ops_integration.go:114.3,114.13 1 0
github.com/splunk-terraform/terraform-provider-signalfx/signalfx/resource_signalfx_victor_ops_integration.go:116.2,118.44 2 0
github.com/splunk-terraform/terraform-provider-signalfx/signalfx/resource_signalfx_victor_ops_integration.go:121.81,125.2 2 0
github.com/splunk-terraform/terraform-provider-signalfx/signalfx/resource_signalfx_webhook_integration.go:17.52,80.2 1 88
github.com/splunk-terraform/terraform-provider-signalfx/signalfx/resource_signalfx_webhook_integration.go:82.91,92.45 2 0
github.com/splunk-terraform/terraform-provider-signalfx/signalfx/resource_signalfx_webhook_integration.go:92.45,94.3 1 0
github.com/splunk-terraform/terraform-provider-signalfx/signalfx/resource_signalfx_webhook_integration.go:96.2,96.39 1 0
github.com/splunk-terraform/terraform-provider-signalfx/signalfx/resource_signalfx_webhook_integration.go:96.39,99.24 3 0
github.com/splunk-terraform/terraform-provider-signalfx/signalfx/resource_signalfx_webhook_integration.go:99.24,102.4 2 0
github.com/splunk-terraform/terraform-provider-signalfx/signalfx/resource_signalfx_webhook_integration.go:103.3,103.28 1 0
github.com/splunk-terraform/terraform-provider-signalfx/signalfx/resource_signalfx_webhook_integration.go:106.2,106.16 1 0
github.com/splunk-terraform/terraform-provider-signalfx/signalfx/resource_signalfx_webhook_integration.go:109.77,112.16 3 0
github.com/splunk-terraform/terraform-provider-signalfx/signalfx/resource_signalfx_webhook_integration.go:112.16,113.43 1 0
github.com/splunk-terraform/terraform-provider-signalfx/signalfx/resource_signalfx_webhook_integration.go:113.43,115.4 1 0
github.com/splunk-terraform/terraform-provider-signalfx/signalfx/resource_signalfx_webhook_integration.go:116.3,116.13 1 0
github.com/splunk-terraform/terraform-provider-signalfx/signalfx/resource_signalfx_webhook_integration.go:119.2,119.42 1 0
github.com/splunk-terraform/terraform-provider-signalfx/signalfx/resource_signalfx_webhook_integration.go:122.98,126.47 3 0
github.com/splunk-terraform/terraform-provider-signalfx/signalfx/resource_signalfx_webhook_integration.go:126.47,128.3 1 0
github.com/splunk-terraform/terraform-provider-signalfx/signalfx/resource_signalfx_webhook_integration.go:129.2,129.53 1 0
github.com/splunk-terraform/terraform-provider-signalfx/signalfx/resource_signalfx_webhook_integration.go:129.53,131.3 1 0
github.com/splunk-terraform/terraform-provider-signalfx/signalfx/resource_signalfx_webhook_integration.go:132.2,132.45 1 0
github.com/splunk-terraform/terraform-provider-signalfx/signalfx/resource_signalfx_webhook_integration.go:132.45,134.3 1 0
github.com/splunk-terraform/terraform-provider-signalfx/signalfx/resource_signalfx_webhook_integration.go:135.2,135.64 1 0
github.com/splunk-terraform/terraform-provider-signalfx/signalfx/resource_signalfx_webhook_integration.go:135.64,137.3 1 0
github.com/splunk-terraform/terraform-provider-signalfx/signalfx/resource_signalfx_webhook_integration.go:138.2,138.51 1 0
github.com/splunk-terraform/terraform-provider-signalfx/signalfx/resource_signalfx_webhook_integration.go:138.51,140.3 1 0
github.com/splunk-terraform/terraform-provider-signalfx/signalfx/resource_signalfx_webhook_integration.go:141.2,141.70 1 0
github.com/splunk-terraform/terraform-provider-signalfx/signalfx/resource_signalfx_webhook_integration.go:141.70,143.3 1 0
github.com/splunk-terraform/terraform-provider-signalfx/signalfx/resource_signalfx_webhook_integration.go:144.2,144.25 1 0
github.com/splunk-terraform/terraform-provider-signalfx/signalfx/resource_signalfx_webhook_integration.go:144.25,147.32 3 0
github.com/splunk-terraform/terraform-provider-signalfx/signalfx/resource_signalfx_webhook_integration.go:147.32,153.4 2 0
github.com/splunk-terraform/terraform-provider-signalfx/signalfx/resource_signalfx_webhook_integration.go:154.3,154.51 1 0
github.com/splunk-terraform/terraform-provider-signalfx/signalfx/resource_signalfx_webhook_integration.go:154.51,156.4 1 0
github.com/splunk-terraform/terraform-provider-signalfx/signalfx/resource_signalfx_webhook_integration.go:158.2,158.12 1 0
github.com/splunk-terraform/terraform-provider-signalfx/signalfx/resource_signalfx_webhook_integration.go:161.79,169.16 6 0
github.com/splunk-terraform/terraform-provider-signalfx/signalfx/resource_signalfx_webhook_integration.go:169.16,170.42 1 0
github.com/splunk-terraform/terraform-provider-signalfx/signalfx/resource_signalfx_webhook_integration.go:170.42,172.4 1 0
github.com/splunk-terraform/terraform-provider-signalfx/signalfx/resource_signalfx_webhook_integration.go:173.3,173.13 1 0
github.com/splunk-terraform/terraform-provider-signalfx/signalfx/resource_signalfx_webhook_integration.go:175.2,177.42 2 0
github.com/splunk-terraform/terraform-provider-signalfx/signalfx/resource_signalfx_webhook_integration.go:180.79,188.16 6 0
github.com/splunk-terraform/terraform-provider-signalfx/signalfx/resource_signalfx_webhook_integration.go:188.16,189.42 1 0
github.com/splunk-terraform/terraform-provider-signalfx/signalfx/resource_signalfx_webhook_integration.go:189.42,191.4 1 0
github.com/splunk-terraform/terraform-provider-signalfx/signalfx/resource_signalfx_webhook_integration.go:192.3,192.13 1 0
github.com/splunk-terraform/terraform-provider-signalfx/signalfx/resource_signalfx_webhook_integration.go:194.2,196.42 2 0
github.com/splunk-terraform/terraform-provider-signalfx/signalfx/resource_signalfx_webhook_integration.go:199.79,203.2 2 0
github.com/splunk-terraform/terraform-provider-signalfx/signalfx/util.go:24.66,27.16 2 8
github.com/splunk-terraform/terraform-provider-signalfx/signalfx/util.go:27.16,29.3 1 0
github.com/splunk-terraform/terraform-provider-signalfx/signalfx/util.go:31.2,32.24 2 8
github.com/splunk-terraform/terraform-provider-signalfx/signalfx/util.go:35.58,36.20 1 16
github.com/splunk-terraform/terraform-provider-signalfx/signalfx/util.go:36.20,38.3 1 0
github.com/splunk-terraform/terraform-provider-signalfx/signalfx/util.go:39.2,40.26 2 16
github.com/splunk-terraform/terraform-provider-signalfx/signalfx/util.go:40.26,41.14 1 40
github.com/splunk-terraform/terraform-provider-signalfx/signalfx/util.go:41.14,43.4 1 32
github.com/splunk-terraform/terraform-provider-signalfx/signalfx/util.go:45.2,45.49 1 16
github.com/splunk-terraform/terraform-provider-signalfx/signalfx/util.go:51.76,53.70 2 24
github.com/splunk-terraform/terraform-provider-signalfx/signalfx/util.go:53.70,55.3 1 8
github.com/splunk-terraform/terraform-provider-signalfx/signalfx/util.go:56.2,56.8 1 24
github.com/splunk-terraform/terraform-provider-signalfx/signalfx/util.go:60.83,62.2 1 0
github.com/splunk-terraform/terraform-provider-signalfx/signalfx/util.go:64.57,65.51 1 0
github.com/splunk-terraform/terraform-provider-signalfx/signalfx/util.go:65.51,67.3 1 0
github.com/splunk-terraform/terraform-provider-signalfx/signalfx/util.go:68.2,69.12 2 0
github.com/splunk-terraform/terraform-provider-signalfx/signalfx/util.go:75.71,77.60 2 0
github.com/splunk-terraform/terraform-provider-signalfx/signalfx/util.go:77.60,81.39 3 0
github.com/splunk-terraform/terraform-provider-signalfx/signalfx/util.go:81.39,83.28 2 0
github.com/splunk-terraform/terraform-provider-signalfx/signalfx/util.go:83.28,85.5 1 0
github.com/splunk-terraform/terraform-provider-signalfx/signalfx/util.go:85.10,85.67 1 0
github.com/splunk-terraform/terraform-provider-signalfx/signalfx/util.go:85.67,87.5 1 0
github.com/splunk-terraform/terraform-provider-signalfx/signalfx/util.go:88.4,92.28 2 0
github.com/splunk-terraform/terraform-provider-signalfx/signalfx/util.go:94.3,94.30 1 0
github.com/splunk-terraform/terraform-provider-signalfx/signalfx/util.go:94.30,98.4 1 0
github.com/splunk-terraform/terraform-provider-signalfx/signalfx/util.go:100.2,100.16 1 0
github.com/splunk-terraform/terraform-provider-signalfx/signalfx/util.go:106.76,107.56 1 0
github.com/splunk-terraform/terraform-provider-signalfx/signalfx/util.go:107.56,109.22 2 0
github.com/splunk-terraform/terraform-provider-signalfx/signalfx/util.go:109.22,111.29 2 0
github.com/splunk-terraform/terraform-provider-signalfx/signalfx/util.go:111.29,117.5 2 0
github.com/splunk-terraform/terraform-provider-signalfx/signalfx/util.go:118.4,120.5 1 0
github.com/splunk-terraform/terraform-provider-signalfx/signalfx/util.go:123.2,123.12 1 0
github.com/splunk-terraform/terraform-provider-signalfx/signalfx/util.go:126.92,129.36 3 0
github.com/splunk-terraform/terraform-provider-signalfx/signalfx/util.go:129.36,130.20 1 0
github.com/splunk-terraform/terraform-provider-signalfx/signalfx/util.go:130.20,132.4 1 0
github.com/splunk-terraform/terraform-provider-signalfx/signalfx/util.go:134.2,135.8 2 0
